Copyright 1986-2022 Xilinx, Inc. All Rights Reserved. Copyright 2022-2024 Advanced Micro Devices, Inc. All Rights Reserved.
--------------------------------------------------------------------------------------------------------------------------------------------------
| Tool Version      : Vivado v.2024.2 (lin64) Build 5239630 Fri Nov 08 22:34:34 MST 2024
| Date              : Thu Jun 11 13:56:17 2026
| Host         : (anonymized)
| Command           : report_timing_summary -max_paths 1 -file <RUN_DIR>/xda_dsp_run/out/eda_dsp/timing.rpt
| Design            : eda_nli_engine_4s
| Device            : xcu200-fsgd2104
| Speed File        : -2  PRODUCTION 1.28 03-30-2022
| Design State      : Routed
| Temperature Grade : E
--------------------------------------------------------------------------------------------------------------------------------------------------

Timing Summary Report

------------------------------------------------------------------------------------------------
| Timer Settings
| --------------
------------------------------------------------------------------------------------------------

  Enable Multi Corner Analysis               :  Yes
  Enable Pessimism Removal                   :  Yes
  Pessimism Removal Resolution               :  Nearest Common Node
  Enable Input Delay Default Clock           :  No
  Enable Preset / Clear Arcs                 :  No
  Disable Flight Delays                      :  No
  Ignore I/O Paths                           :  No
  Timing Early Launch at Borrowing Latches   :  No
  Borrow Time for Max Delay Exceptions       :  Yes
  Merge Timing Exceptions                    :  Yes
  Inter-SLR Compensation                     :  Conservative

  Corner  Analyze    Analyze    
  Name    Max Paths  Min Paths  
  ------  ---------  ---------  
  Slow    Yes        Yes        
  Fast    Yes        Yes        


------------------------------------------------------------------------------------------------
| Report Methodology
| ------------------
------------------------------------------------------------------------------------------------

No report available as report_methodology has not been run prior. Run report_methodology on the current design for the summary of methodology violations.



check_timing report

Table of Contents
-----------------
1. checking no_clock (0)
2. checking constant_clock (0)
3. checking pulse_width_clock (0)
4. checking unconstrained_internal_endpoints (0)
5. checking no_input_delay (44)
6. checking no_output_delay (17)
7. checking multiple_clock (0)
8. checking generated_clocks (0)
9. checking loops (0)
10. checking partial_input_delay (0)
11. checking partial_output_delay (0)
12. checking latch_loops (0)

1. checking no_clock (0)
------------------------
 There are 0 register/latch pins with no clock.


2. checking constant_clock (0)
------------------------------
 There are 0 register/latch pins with constant_clock.


3. checking pulse_width_clock (0)
---------------------------------
 There are 0 register/latch pins which need pulse_width check


4. checking unconstrained_internal_endpoints (0)
------------------------------------------------
 There are 0 pins that are not constrained for maximum delay.

 There are 0 pins that are not constrained for maximum delay due to constant clock.


5. checking no_input_delay (44)
-------------------------------
 There are 44 input ports with no input delay specified. (HIGH)

 There are 0 input ports with no input delay but user has a false path constraint.


6. checking no_output_delay (17)
--------------------------------
 There are 17 ports with no output delay specified. (HIGH)

 There are 0 ports with no output delay but user has a false path constraint

 There are 0 ports with no output delay but with a timing clock defined on it or propagating through it


7. checking multiple_clock (0)
------------------------------
 There are 0 register/latch pins with multiple clocks.


8. checking generated_clocks (0)
--------------------------------
 There are 0 generated clocks that are not connected to a clock source.


9. checking loops (0)
---------------------
 There are 0 combinational loops in the design.


10. checking partial_input_delay (0)
------------------------------------
 There are 0 input ports with partial input delay specified.


11. checking partial_output_delay (0)
-------------------------------------
 There are 0 ports with partial output delay specified.


12. checking latch_loops (0)
----------------------------
 There are 0 combinational latch loops in the design through latch input



------------------------------------------------------------------------------------------------
| Design Timing Summary
| ---------------------
------------------------------------------------------------------------------------------------

    WNS(ns)      TNS(ns)  TNS Failing Endpoints  TNS Total Endpoints      WHS(ns)      THS(ns)  THS Failing Endpoints  THS Total Endpoints     WPWS(ns)     TPWS(ns)  TPWS Failing Endpoints  TPWS Total Endpoints  
    -------      -------  ---------------------  -------------------      -------      -------  ---------------------  -------------------     --------     --------  ----------------------  --------------------  
     -4.385     -262.946                     74                  155        0.043        0.000                      0                  155        0.468        0.000                       0                   316  


Timing constraints are not met.


------------------------------------------------------------------------------------------------
| Clock Summary
| -------------
------------------------------------------------------------------------------------------------

Clock  Waveform(ns)         Period(ns)      Frequency(MHz)
-----  ------------         ----------      --------------
clk    {0.000 1.000}        2.000           500.000         


------------------------------------------------------------------------------------------------
| Intra Clock Table
| -----------------
------------------------------------------------------------------------------------------------

Clock             WNS(ns)      TNS(ns)  TNS Failing Endpoints  TNS Total Endpoints      WHS(ns)      THS(ns)  THS Failing Endpoints  THS Total Endpoints     WPWS(ns)     TPWS(ns)  TPWS Failing Endpoints  TPWS Total Endpoints  
-----             -------      -------  ---------------------  -------------------      -------      -------  ---------------------  -------------------     --------     --------  ----------------------  --------------------  
clk                -4.385     -262.946                     74                  155        0.043        0.000                      0                  155        0.468        0.000                       0                   316  


------------------------------------------------------------------------------------------------
| Inter Clock Table
| -----------------
------------------------------------------------------------------------------------------------

From Clock    To Clock          WNS(ns)      TNS(ns)  TNS Failing Endpoints  TNS Total Endpoints      WHS(ns)      THS(ns)  THS Failing Endpoints  THS Total Endpoints  
----------    --------          -------      -------  ---------------------  -------------------      -------      -------  ---------------------  -------------------  


------------------------------------------------------------------------------------------------
| Other Path Groups Table
| -----------------------
------------------------------------------------------------------------------------------------

Path Group    From Clock    To Clock          WNS(ns)      TNS(ns)  TNS Failing Endpoints  TNS Total Endpoints      WHS(ns)      THS(ns)  THS Failing Endpoints  THS Total Endpoints  
----------    ----------    --------          -------      -------  ---------------------  -------------------      -------      -------  ---------------------  -------------------  


------------------------------------------------------------------------------------------------
| Timing Details
| --------------
------------------------------------------------------------------------------------------------


---------------------------------------------------------------------------------------------------
From Clock:  clk
  To Clock:  clk

Setup :           74  Failing Endpoints,  Worst Slack       -4.385ns,  Total Violation     -262.946ns
Hold  :            0  Failing Endpoints,  Worst Slack        0.043ns,  Total Violation        0.000ns
PW    :            0  Failing Endpoints,  Worst Slack        0.468ns,  Total Violation        0.000ns
---------------------------------------------------------------------------------------------------


Max Delay Paths
--------------------------------------------------------------------------------------
Slack (VIOLATED) :        -4.385ns  (required time - arrival time)
  Source:                 p2_diff_reg[11]/C
                            (rising edge-triggered cell FDRE clocked by clk  {rise@0.000ns fall@1.000ns period=2.000ns})
  Destination:            p3_sum_abs_reg[24]/D
                            (rising edge-triggered cell FDRE clocked by clk  {rise@0.000ns fall@1.000ns period=2.000ns})
  Path Group:             clk
  Path Type:              Setup (Max at Slow Process Corner)
  Requirement:            2.000ns  (clk rise@2.000ns - clk rise@0.000ns)
  Data Path Delay:        6.028ns  (logic 3.546ns (58.824%)  route 2.482ns (41.176%))
  Logic Levels:           26  (CARRY8=6 DSP_A_B_DATA=1 DSP_ALU=1 DSP_M_DATA=1 DSP_MULTIPLIER=1 DSP_OUTPUT=1 DSP_PREADD_DATA=1 LUT1=1 LUT3=2 LUT4=2 LUT5=2 LUT6=7)
  Clock Path Skew:        -0.347ns (DCD - SCD + CPR)
    Destination Clock Delay (DCD):    1.471ns = ( 3.471 - 2.000 ) 
    Source Clock Delay      (SCD):    2.131ns
    Clock Pessimism Removal (CPR):    0.313ns
  Clock Uncertainty:      0.035ns  ((TSJ^2 + TIJ^2)^1/2 + DJ) / 2 + PE
    Total System Jitter     (TSJ):    0.071ns
    Total Input Jitter      (TIJ):    0.000ns
    Discrete Jitter          (DJ):    0.000ns
    Phase Error              (PE):    0.000ns
  Clock Net Delay (Source):      1.123ns (routing 0.001ns, distribution 1.122ns)
  Clock Net Delay (Destination): 0.756ns (routing 0.001ns, distribution 0.755ns)

    Location             Delay type                Incr(ns)  Path(ns)    Netlist Resource(s)
  -------------------------------------------------------------------    -------------------
                         (clock clk rise edge)        0.000     0.000 r  
    AY11                                              0.000     0.000 r  clk (IN)
                         net (fo=0)                   0.000     0.000    clk_IBUF_inst/I
    AY11                 INBUF (Prop_INBUF_HPIOB_M_PAD_O)
                                                      0.657     0.657 r  clk_IBUF_inst/INBUF_INST/O
                         net (fo=1, routed)           0.000     0.657    clk_IBUF_inst/OUT
    AY11                 IBUFCTRL (Prop_IBUFCTRL_HPIOB_M_I_O)
                                                      0.000     0.657 r  clk_IBUF_inst/IBUFCTRL_INST/O
                         net (fo=1, routed)           0.323     0.980    clk_IBUF
    BUFGCE_X1Y192        BUFGCE (Prop_BUFCE_BUFGCE_I_O)
                                                      0.028     1.008 r  clk_IBUF_BUFG_inst/O
    X4Y8 (CLOCK_ROOT)    net (fo=320, routed)         1.123     2.131    clk_IBUF_BUFG
    SLICE_X115Y510       FDRE                                         r  p2_diff_reg[11]/C
  -------------------------------------------------------------------    -------------------
    SLICE_X115Y510       FDRE (Prop_DFF_SLICEL_C_Q)
                                                      0.079     2.210 f  p2_diff_reg[11]/Q
                         net (fo=9, routed)           0.161     2.370    diff_exp[1]
    SLICE_X116Y511       LUT5 (Prop_H6LUT_SLICEM_I3_O)
                                                      0.101     2.471 f  product_raw_i_1/O
                         net (fo=2, routed)           0.150     2.622    product_raw/A[10]
    DSP48E2_X14Y204      DSP_A_B_DATA (Prop_DSP_A_B_DATA_DSP48E2_A[10]_A2_DATA[10])
                                                      0.192     2.814 r  product_raw/DSP_A_B_DATA_INST/A2_DATA[10]
                         net (fo=1, routed)           0.000     2.814    product_raw/DSP_A_B_DATA.A2_DATA<10>
    DSP48E2_X14Y204      DSP_PREADD_DATA (Prop_DSP_PREADD_DATA_DSP48E2_A2_DATA[10]_A2A1[10])
                                                      0.076     2.890 r  product_raw/DSP_PREADD_DATA_INST/A2A1[10]
                         net (fo=1, routed)           0.000     2.890    product_raw/DSP_PREADD_DATA.A2A1<10>
    DSP48E2_X14Y204      DSP_MULTIPLIER (Prop_DSP_MULTIPLIER_DSP48E2_A2A1[10]_U[12])
                                                      0.505     3.395 f  product_raw/DSP_MULTIPLIER_INST/U[12]
                         net (fo=1, routed)           0.000     3.395    product_raw/DSP_MULTIPLIER.U<12>
    DSP48E2_X14Y204      DSP_M_DATA (Prop_DSP_M_DATA_DSP48E2_U[12]_U_DATA[12])
                                                      0.047     3.442 r  product_raw/DSP_M_DATA_INST/U_DATA[12]
                         net (fo=1, routed)           0.000     3.442    product_raw/DSP_M_DATA.U_DATA<12>
    DSP48E2_X14Y204      DSP_ALU (Prop_DSP_ALU_DSP48E2_U_DATA[12]_ALU_OUT[12])
                                                      0.585     4.027 f  product_raw/DSP_ALU_INST/ALU_OUT[12]
                         net (fo=1, routed)           0.000     4.027    product_raw/DSP_ALU.ALU_OUT<12>
    DSP48E2_X14Y204      DSP_OUTPUT (Prop_DSP_OUTPUT_DSP48E2_ALU_OUT[12]_P[12])
                                                      0.109     4.136 r  product_raw/DSP_OUTPUT_INST/P[12]
                         net (fo=7, routed)           0.253     4.388    product_raw__0[12]
    SLICE_X116Y513       LUT4 (Prop_F6LUT_SLICEM_I3_O)
                                                      0.123     4.511 r  p3_x_exp[3]_i_20/O
                         net (fo=1, routed)           0.022     4.533    p3_x_exp[3]_i_20_n_0
    SLICE_X116Y513       CARRY8 (Prop_CARRY8_SLICEM_S[5]_CO[7])
                                                      0.159     4.692 f  p3_x_exp_reg[3]_i_8/CO[7]
                         net (fo=1, routed)           0.026     4.718    p3_x_exp_reg[3]_i_8_n_0
    SLICE_X116Y514       CARRY8 (Prop_CARRY8_SLICEM_CI_CO[1])
                                                      0.042     4.760 f  p3_x_exp_reg[3]_i_5/CO[1]
                         net (fo=1, routed)           0.164     4.924    y0_mant_larger
    SLICE_X116Y514       LUT6 (Prop_H6LUT_SLICEM_I0_O)
                                                      0.090     5.014 r  p3_x_exp[3]_i_3/O
                         net (fo=1, routed)           0.092     5.106    p3_x_exp[3]_i_3_n_0
    SLICE_X116Y515       LUT6 (Prop_C6LUT_SLICEM_I0_O)
                                                      0.037     5.143 r  p3_x_exp[3]_i_2/O
                         net (fo=87, routed)          0.137     5.281    p3_x_exp[3]_i_2_n_0
    SLICE_X116Y517       LUT5 (Prop_B6LUT_SLICEM_I4_O)
                                                      0.037     5.318 r  p3_sum_abs[0]_i_37/O
                         net (fo=3, routed)           0.102     5.420    p3_sum_abs[0]_i_37_n_0
    SLICE_X115Y517       LUT4 (Prop_C6LUT_SLICEL_I3_O)
                                                      0.088     5.508 f  p3_sum_abs[0]_i_38/O
                         net (fo=1, routed)           0.064     5.572    p3_sum_abs[0]_i_38_n_0
    SLICE_X115Y517       LUT6 (Prop_G6LUT_SLICEL_I5_O)
                                                      0.149     5.721 r  p3_sum_abs[0]_i_18/O
                         net (fo=16, routed)          0.285     6.006    p3_sum_abs[0]_i_18_n_0
    SLICE_X117Y516       LUT3 (Prop_A6LUT_SLICEM_I0_O)
                                                      0.090     6.096 f  p3_sum_abs[0]_i_91/O
                         net (fo=1, routed)           0.042     6.138    p3_sum_abs[0]_i_91_n_0
    SLICE_X117Y516       LUT6 (Prop_D6LUT_SLICEM_I0_O)
                                                      0.037     6.175 r  p3_sum_abs[0]_i_88/O
                         net (fo=1, routed)           0.042     6.217    p3_sum_abs[0]_i_88_n_0
    SLICE_X117Y516       LUT6 (Prop_G6LUT_SLICEM_I2_O)
                                                      0.100     6.317 r  p3_sum_abs[0]_i_63/O
                         net (fo=1, routed)           0.152     6.469    p3_sum_abs[0]_i_63_n_0
    SLICE_X117Y515       LUT6 (Prop_D6LUT_SLICEM_I5_O)
                                                      0.051     6.520 f  p3_sum_abs[0]_i_35/O
                         net (fo=1, routed)           0.265     6.785    p3_sum_abs[0]_i_35_n_0
    SLICE_X114Y514       LUT6 (Prop_A6LUT_SLICEL_I5_O)
                                                      0.149     6.934 r  p3_sum_abs[0]_i_15/O
                         net (fo=1, routed)           0.009     6.943    p3_sum_abs[0]_i_15_n_0
    SLICE_X114Y514       CARRY8 (Prop_CARRY8_SLICEL_S[0]_CO[7])
                                                      0.190     7.133 r  p3_sum_abs_reg[0]_i_1/CO[7]
                         net (fo=1, routed)           0.026     7.159    p3_sum_abs_reg[0]_i_1_n_0
    SLICE_X114Y515       CARRY8 (Prop_CARRY8_SLICEL_CI_O[5])
                                                      0.116     7.275 f  p3_sum_abs_reg[15]_i_2/O[5]
                         net (fo=2, routed)           0.251     7.526    p3_sum_abs_reg[15]_i_2_n_10
    SLICE_X113Y516       LUT1 (Prop_E6LUT_SLICEM_I0_O)
                                                      0.052     7.578 r  p3_sum_abs[16]_i_6/O
                         net (fo=1, routed)           0.014     7.592    s3_sum_abs1[13]
    SLICE_X113Y516       CARRY8 (Prop_CARRY8_SLICEM_S[4]_CO[7])
                                                      0.156     7.748 r  p3_sum_abs_reg[16]_i_2/CO[7]
                         net (fo=1, routed)           0.026     7.774    p3_sum_abs_reg[16]_i_2_n_0
    SLICE_X113Y517       CARRY8 (Prop_CARRY8_SLICEM_CI_O[7])
                                                      0.116     7.890 r  p3_sum_abs_reg[24]_i_3/O[7]
                         net (fo=1, routed)           0.174     8.064    s3_sum_abs0[24]
    SLICE_X113Y517       LUT3 (Prop_E5LUT_SLICEM_I2_O)
                                                      0.070     8.134 r  p3_sum_abs[24]_i_1/O
                         net (fo=1, routed)           0.025     8.159    s3_sum_abs[24]
    SLICE_X113Y517       FDRE                                         r  p3_sum_abs_reg[24]/D
  -------------------------------------------------------------------    -------------------

                         (clock clk rise edge)        2.000     2.000 r  
    AY11                                              0.000     2.000 r  clk (IN)
                         net (fo=0)                   0.000     2.000    clk_IBUF_inst/I
    AY11                 INBUF (Prop_INBUF_HPIOB_M_PAD_O)
                                                      0.405     2.405 r  clk_IBUF_inst/INBUF_INST/O
                         net (fo=1, routed)           0.000     2.405    clk_IBUF_inst/OUT
    AY11                 IBUFCTRL (Prop_IBUFCTRL_HPIOB_M_I_O)
                                                      0.000     2.405 r  clk_IBUF_inst/IBUFCTRL_INST/O
                         net (fo=1, routed)           0.286     2.691    clk_IBUF
    BUFGCE_X1Y192        BUFGCE (Prop_BUFCE_BUFGCE_I_O)
                                                      0.024     2.715 r  clk_IBUF_BUFG_inst/O
    X4Y8 (CLOCK_ROOT)    net (fo=320, routed)         0.756     3.471    clk_IBUF_BUFG
    SLICE_X113Y517       FDRE                                         r  p3_sum_abs_reg[24]/C
                         clock pessimism              0.313     3.784    
                         clock uncertainty           -0.035     3.749    
    SLICE_X113Y517       FDRE (Setup_EFF2_SLICEM_C_D)
                                                      0.025     3.774    p3_sum_abs_reg[24]
  -------------------------------------------------------------------
                         required time                          3.774    
                         arrival time                          -8.159    
  -------------------------------------------------------------------
                         slack                                 -4.385    





Min Delay Paths
--------------------------------------------------------------------------------------
Slack (MET) :             0.043ns  (arrival time - required time)
  Source:                 p1_valid_reg/C
                            (rising edge-triggered cell FDCE clocked by clk  {rise@0.000ns fall@1.000ns period=2.000ns})
  Destination:            p2_valid_reg/D
                            (rising edge-triggered cell FDCE clocked by clk  {rise@0.000ns fall@1.000ns period=2.000ns})
  Path Group:             clk
  Path Type:              Hold (Min at Slow Process Corner)
  Requirement:            0.000ns  (clk rise@0.000ns - clk rise@0.000ns)
  Data Path Delay:        0.216ns  (logic 0.060ns (27.778%)  route 0.156ns (72.222%))
  Logic Levels:           0  
  Clock Path Skew:        0.111ns (DCD - SCD - CPR)
    Destination Clock Delay (DCD):    1.818ns
    Source Clock Delay      (SCD):    1.396ns
    Clock Pessimism Removal (CPR):    0.310ns
  Clock Net Delay (Source):      0.681ns (routing 0.001ns, distribution 0.680ns)
  Clock Net Delay (Destination): 0.810ns (routing 0.001ns, distribution 0.809ns)

    Location             Delay type                Incr(ns)  Path(ns)    Netlist Resource(s)
  -------------------------------------------------------------------    -------------------
                         (clock clk rise edge)        0.000     0.000 r  
    AY11                                              0.000     0.000 r  clk (IN)
                         net (fo=0)                   0.000     0.000    clk_IBUF_inst/I
    AY11                 INBUF (Prop_INBUF_HPIOB_M_PAD_O)
                                                      0.405     0.405 r  clk_IBUF_inst/INBUF_INST/O
                         net (fo=1, routed)           0.000     0.405    clk_IBUF_inst/OUT
    AY11                 IBUFCTRL (Prop_IBUFCTRL_HPIOB_M_I_O)
                                                      0.000     0.405 r  clk_IBUF_inst/IBUFCTRL_INST/O
                         net (fo=1, routed)           0.286     0.691    clk_IBUF
    BUFGCE_X1Y192        BUFGCE (Prop_BUFCE_BUFGCE_I_O)
                                                      0.024     0.715 r  clk_IBUF_BUFG_inst/O
    X4Y8 (CLOCK_ROOT)    net (fo=320, routed)         0.681     1.396    clk_IBUF_BUFG
    SLICE_X112Y513       FDCE                                         r  p1_valid_reg/C
  -------------------------------------------------------------------    -------------------
    SLICE_X112Y513       FDCE (Prop_EFF2_SLICEL_C_Q)
                                                      0.060     1.456 r  p1_valid_reg/Q
                         net (fo=1, routed)           0.156     1.612    p1_valid
    SLICE_X114Y518       FDCE                                         r  p2_valid_reg/D
  -------------------------------------------------------------------    -------------------

                         (clock clk rise edge)        0.000     0.000 r  
    AY11                                              0.000     0.000 r  clk (IN)
                         net (fo=0)                   0.000     0.000    clk_IBUF_inst/I
    AY11                 INBUF (Prop_INBUF_HPIOB_M_PAD_O)
                                                      0.657     0.657 r  clk_IBUF_inst/INBUF_INST/O
                         net (fo=1, routed)           0.000     0.657    clk_IBUF_inst/OUT
    AY11                 IBUFCTRL (Prop_IBUFCTRL_HPIOB_M_I_O)
                                                      0.000     0.657 r  clk_IBUF_inst/IBUFCTRL_INST/O
                         net (fo=1, routed)           0.323     0.980    clk_IBUF
    BUFGCE_X1Y192        BUFGCE (Prop_BUFCE_BUFGCE_I_O)
                                                      0.028     1.008 r  clk_IBUF_BUFG_inst/O
    X4Y8 (CLOCK_ROOT)    net (fo=320, routed)         0.810     1.818    clk_IBUF_BUFG
    SLICE_X114Y518       FDCE                                         r  p2_valid_reg/C
                         clock pessimism             -0.310     1.508    
    SLICE_X114Y518       FDCE (Hold_AFF2_SLICEL_C_D)
                                                      0.062     1.570    p2_valid_reg
  -------------------------------------------------------------------
                         required time                         -1.570    
                         arrival time                           1.612    
  -------------------------------------------------------------------
                         slack                                  0.043    





Pulse Width Checks
--------------------------------------------------------------------------------------
Clock Name:         clk
Waveform(ns):       { 0.000 1.000 }
Period(ns):         2.000
Sources:            { clk }

Check Type        Corner  Lib Pin     Reference Pin  Required(ns)  Actual(ns)  Slack(ns)  Location        Pin
Min Period        n/a     BUFGCE/I    n/a            1.290         2.000       0.710      BUFGCE_X1Y192   clk_IBUF_BUFG_inst/I
Low Pulse Width   Slow    SRL16E/CLK  n/a            0.532         1.000       0.468      SLICE_X116Y516  p2_clamp_reg_srl2/CLK
High Pulse Width  Slow    SRL16E/CLK  n/a            0.532         1.000       0.468      SLICE_X116Y516  p2_clamp_reg_srl2/CLK



