Copyright 1986-2022 Xilinx, Inc. All Rights Reserved. Copyright 2022-2024 Advanced Micro Devices, Inc. All Rights Reserved.
--------------------------------------------------------------------------------------------------------------------------------------------------
| Tool Version      : Vivado v.2024.2 (lin64) Build 5239630 Fri Nov 08 22:34:34 MST 2024
| Date              : Thu Jun 11 14:24:57 2026
| Host         : (anonymized)
| Command           : report_timing_summary -max_paths 1 -file <RUN_DIR>/xda_dsp_run/out/eda_nodsp/timing.rpt
| Design            : eda_nli_engine_4s
| Device            : xcu200-fsgd2104
| Speed File        : -2  PRODUCTION 1.28 03-30-2022
| Design State      : Routed
| Temperature Grade : E
--------------------------------------------------------------------------------------------------------------------------------------------------

Timing Summary Report

------------------------------------------------------------------------------------------------
| Timer Settings
| --------------
------------------------------------------------------------------------------------------------

  Enable Multi Corner Analysis               :  Yes
  Enable Pessimism Removal                   :  Yes
  Pessimism Removal Resolution               :  Nearest Common Node
  Enable Input Delay Default Clock           :  No
  Enable Preset / Clear Arcs                 :  No
  Disable Flight Delays                      :  No
  Ignore I/O Paths                           :  No
  Timing Early Launch at Borrowing Latches   :  No
  Borrow Time for Max Delay Exceptions       :  Yes
  Merge Timing Exceptions                    :  Yes
  Inter-SLR Compensation                     :  Conservative

  Corner  Analyze    Analyze    
  Name    Max Paths  Min Paths  
  ------  ---------  ---------  
  Slow    Yes        Yes        
  Fast    Yes        Yes        


------------------------------------------------------------------------------------------------
| Report Methodology
| ------------------
------------------------------------------------------------------------------------------------

No report available as report_methodology has not been run prior. Run report_methodology on the current design for the summary of methodology violations.



check_timing report

Table of Contents
-----------------
1. checking no_clock (0)
2. checking constant_clock (0)
3. checking pulse_width_clock (0)
4. checking unconstrained_internal_endpoints (0)
5. checking no_input_delay (44)
6. checking no_output_delay (17)
7. checking multiple_clock (0)
8. checking generated_clocks (0)
9. checking loops (0)
10. checking partial_input_delay (0)
11. checking partial_output_delay (0)
12. checking latch_loops (0)

1. checking no_clock (0)
------------------------
 There are 0 register/latch pins with no clock.


2. checking constant_clock (0)
------------------------------
 There are 0 register/latch pins with constant_clock.


3. checking pulse_width_clock (0)
---------------------------------
 There are 0 register/latch pins which need pulse_width check


4. checking unconstrained_internal_endpoints (0)
------------------------------------------------
 There are 0 pins that are not constrained for maximum delay.

 There are 0 pins that are not constrained for maximum delay due to constant clock.


5. checking no_input_delay (44)
-------------------------------
 There are 44 input ports with no input delay specified. (HIGH)

 There are 0 input ports with no input delay but user has a false path constraint.


6. checking no_output_delay (17)
--------------------------------
 There are 17 ports with no output delay specified. (HIGH)

 There are 0 ports with no output delay but user has a false path constraint

 There are 0 ports with no output delay but with a timing clock defined on it or propagating through it


7. checking multiple_clock (0)
------------------------------
 There are 0 register/latch pins with multiple clocks.


8. checking generated_clocks (0)
--------------------------------
 There are 0 generated clocks that are not connected to a clock source.


9. checking loops (0)
---------------------
 There are 0 combinational loops in the design.


10. checking partial_input_delay (0)
------------------------------------
 There are 0 input ports with partial input delay specified.


11. checking partial_output_delay (0)
-------------------------------------
 There are 0 ports with partial output delay specified.


12. checking latch_loops (0)
----------------------------
 There are 0 combinational latch loops in the design through latch input



------------------------------------------------------------------------------------------------
| Design Timing Summary
| ---------------------
------------------------------------------------------------------------------------------------

    WNS(ns)      TNS(ns)  TNS Failing Endpoints  TNS Total Endpoints      WHS(ns)      THS(ns)  THS Failing Endpoints  THS Total Endpoints     WPWS(ns)     TPWS(ns)  TPWS Failing Endpoints  TPWS Total Endpoints  
    -------      -------  ---------------------  -------------------      -------      -------  ---------------------  -------------------     --------     --------  ----------------------  --------------------  
     -4.766     -278.026                     77                  145        0.065        0.000                      0                  145        0.468        0.000                       0                   315  


Timing constraints are not met.


------------------------------------------------------------------------------------------------
| Clock Summary
| -------------
------------------------------------------------------------------------------------------------

Clock  Waveform(ns)         Period(ns)      Frequency(MHz)
-----  ------------         ----------      --------------
clk    {0.000 1.000}        2.000           500.000         


------------------------------------------------------------------------------------------------
| Intra Clock Table
| -----------------
------------------------------------------------------------------------------------------------

Clock             WNS(ns)      TNS(ns)  TNS Failing Endpoints  TNS Total Endpoints      WHS(ns)      THS(ns)  THS Failing Endpoints  THS Total Endpoints     WPWS(ns)     TPWS(ns)  TPWS Failing Endpoints  TPWS Total Endpoints  
-----             -------      -------  ---------------------  -------------------      -------      -------  ---------------------  -------------------     --------     --------  ----------------------  --------------------  
clk                -4.766     -278.026                     77                  145        0.065        0.000                      0                  145        0.468        0.000                       0                   315  


------------------------------------------------------------------------------------------------
| Inter Clock Table
| -----------------
------------------------------------------------------------------------------------------------

From Clock    To Clock          WNS(ns)      TNS(ns)  TNS Failing Endpoints  TNS Total Endpoints      WHS(ns)      THS(ns)  THS Failing Endpoints  THS Total Endpoints  
----------    --------          -------      -------  ---------------------  -------------------      -------      -------  ---------------------  -------------------  


------------------------------------------------------------------------------------------------
| Other Path Groups Table
| -----------------------
------------------------------------------------------------------------------------------------

Path Group    From Clock    To Clock          WNS(ns)      TNS(ns)  TNS Failing Endpoints  TNS Total Endpoints      WHS(ns)      THS(ns)  THS Failing Endpoints  THS Total Endpoints  
----------    ----------    --------          -------      -------  ---------------------  -------------------      -------      -------  ---------------------  -------------------  


------------------------------------------------------------------------------------------------
| Timing Details
| --------------
------------------------------------------------------------------------------------------------


---------------------------------------------------------------------------------------------------
From Clock:  clk
  To Clock:  clk

Setup :           77  Failing Endpoints,  Worst Slack       -4.766ns,  Total Violation     -278.026ns
Hold  :            0  Failing Endpoints,  Worst Slack        0.065ns,  Total Violation        0.000ns
PW    :            0  Failing Endpoints,  Worst Slack        0.468ns,  Total Violation        0.000ns
---------------------------------------------------------------------------------------------------


Max Delay Paths
--------------------------------------------------------------------------------------
Slack (VIOLATED) :        -4.766ns  (required time - arrival time)
  Source:                 p1_lut_addr_reg[0]/C
                            (rising edge-triggered cell FDRE clocked by clk  {rise@0.000ns fall@1.000ns period=2.000ns})
  Destination:            p2_diff_reg[5]/R
                            (rising edge-triggered cell FDRE clocked by clk  {rise@0.000ns fall@1.000ns period=2.000ns})
  Path Group:             clk
  Path Type:              Setup (Max at Slow Process Corner)
  Requirement:            2.000ns  (clk rise@2.000ns - clk rise@0.000ns)
  Data Path Delay:        6.745ns  (logic 2.545ns (37.732%)  route 4.200ns (62.268%))
  Logic Levels:           28  (CARRY8=2 LUT3=1 LUT4=4 LUT5=9 LUT6=11 RAMD64E=1)
  Clock Path Skew:        0.088ns (DCD - SCD + CPR)
    Destination Clock Delay (DCD):    2.117ns = ( 4.117 - 2.000 ) 
    Source Clock Delay      (SCD):    2.404ns
    Clock Pessimism Removal (CPR):    0.376ns
  Clock Uncertainty:      0.035ns  ((TSJ^2 + TIJ^2)^1/2 + DJ) / 2 + PE
    Total System Jitter     (TSJ):    0.071ns
    Total Input Jitter      (TIJ):    0.000ns
    Discrete Jitter          (DJ):    0.000ns
    Phase Error              (PE):    0.000ns
  Clock Net Delay (Source):      1.397ns (routing 0.540ns, distribution 0.857ns)
  Clock Net Delay (Destination): 1.402ns (routing 0.491ns, distribution 0.911ns)

    Location             Delay type                Incr(ns)  Path(ns)    Netlist Resource(s)
  -------------------------------------------------------------------    -------------------
                         (clock clk rise edge)        0.000     0.000 r  
    AY11                                              0.000     0.000 r  clk (IN)
                         net (fo=0)                   0.000     0.000    clk_IBUF_inst/I
    AY11                 INBUF (Prop_INBUF_HPIOB_M_PAD_O)
                                                      0.657     0.657 r  clk_IBUF_inst/INBUF_INST/O
                         net (fo=1, routed)           0.000     0.657    clk_IBUF_inst/OUT
    AY11                 IBUFCTRL (Prop_IBUFCTRL_HPIOB_M_I_O)
                                                      0.000     0.657 r  clk_IBUF_inst/IBUFCTRL_INST/O
                         net (fo=1, routed)           0.323     0.980    clk_IBUF
    BUFGCE_X1Y192        BUFGCE (Prop_BUFCE_BUFGCE_I_O)
                                                      0.028     1.008 r  clk_IBUF_BUFG_inst/O
    X4Y9 (CLOCK_ROOT)    net (fo=314, routed)         1.397     2.404    clk_IBUF_BUFG
    SLICE_X118Y547       FDRE                                         r  p1_lut_addr_reg[0]/C
  -------------------------------------------------------------------    -------------------
    SLICE_X118Y547       FDRE (Prop_DFF_SLICEL_C_Q)
                                                      0.079     2.483 r  p1_lut_addr_reg[0]/Q
                         net (fo=75, routed)          0.155     2.639    p1_lut_addr__0[0]
    SLICE_X118Y546       LUT3 (Prop_E6LUT_SLICEL_I0_O)
                                                      0.147     2.786 r  func_lut_reg_r2_0_63_0_6_i_4/O
                         net (fo=68, routed)          0.364     3.149    func_lut_reg_r2_0_63_0_6/ADDRD2
    SLICE_X116Y541       RAMD64E (Prop_D6LUT_SLICEM_RADR2_O)
                                                      0.099     3.248 r  func_lut_reg_r2_0_63_0_6/RAMD/O
                         net (fo=1, routed)           0.217     3.465    u_sub/sum_negative0_carry_i_8_3
    SLICE_X115Y547       LUT6 (Prop_D6LUT_SLICEL_I5_O)
                                                      0.146     3.611 r  u_sub/a_mant_larger_carry_i_25/O
                         net (fo=5, routed)           0.264     3.876    u_sub/y1[3]
    SLICE_X116Y549       LUT4 (Prop_B6LUT_SLICEM_I0_O)
                                                      0.052     3.928 r  u_sub/a_mant_larger_carry_i_11/O
                         net (fo=1, routed)           0.016     3.944    u_sub/a_mant_larger_carry_i_11_n_0
    SLICE_X116Y549       CARRY8 (Prop_CARRY8_SLICEM_S[1]_CO[5])
                                                      0.199     4.143 r  u_sub/a_mant_larger_carry/CO[5]
                         net (fo=1, routed)           0.137     4.280    u_sub/a_mant_larger
    SLICE_X116Y551       LUT5 (Prop_C6LUT_SLICEM_I0_O)
                                                      0.037     4.317 r  u_sub/sum_negative0_carry_i_57/O
                         net (fo=1, routed)           0.085     4.402    u_sub/sum_negative0_carry_i_57_n_0
    SLICE_X115Y551       LUT6 (Prop_C6LUT_SLICEL_I0_O)
                                                      0.035     4.437 f  u_sub/sum_negative0_carry_i_47/O
                         net (fo=1, routed)           0.154     4.591    u_sub/sum_negative0_carry_i_47_n_0
    SLICE_X118Y551       LUT5 (Prop_A6LUT_SLICEL_I4_O)
                                                      0.035     4.626 r  u_sub/sum_negative0_carry_i_28/O
                         net (fo=44, routed)          0.170     4.795    u_sub/sum_negative0_carry_i_28_n_0
    SLICE_X118Y552       LUT4 (Prop_H6LUT_SLICEL_I3_O)
                                                      0.099     4.894 r  u_sub/sum_negative0_carry__0_i_19/O
                         net (fo=2, routed)           0.092     4.986    u_sub/sum_negative0_carry__0_i_19_n_0
    SLICE_X117Y552       LUT5 (Prop_H6LUT_SLICEM_I4_O)
                                                      0.039     5.025 f  u_sub/sum_negative0_carry_i_35/O
                         net (fo=21, routed)          0.272     5.297    u_sub/sum_negative0_carry_i_35_n_0
    SLICE_X118Y550       LUT6 (Prop_C6LUT_SLICEL_I3_O)
                                                      0.050     5.347 r  u_sub/sum_negative0_carry_i_45/O
                         net (fo=2, routed)           0.043     5.390    u_sub/sum_negative0_carry_i_45_n_0
    SLICE_X118Y550       LUT6 (Prop_D6LUT_SLICEL_I5_O)
                                                      0.036     5.426 f  u_sub/sum_negative0_carry_i_24/O
                         net (fo=2, routed)           0.088     5.514    u_sub/sum_negative0_carry_i_24_n_0
    SLICE_X118Y551       LUT6 (Prop_E6LUT_SLICEL_I0_O)
                                                      0.035     5.549 f  u_sub/sum_negative0_carry_i_33/O
                         net (fo=1, routed)           0.208     5.757    u_sub/sum_negative0_carry_i_33_n_0
    SLICE_X115Y549       LUT5 (Prop_A6LUT_SLICEL_I2_O)
                                                      0.098     5.855 r  u_sub/sum_negative0_carry_i_14/O
                         net (fo=1, routed)           0.009     5.864    u_sub/sum_negative0_carry_i_14_n_0
    SLICE_X115Y549       CARRY8 (Prop_CARRY8_SLICEL_S[0]_O[3])
                                                      0.138     6.002 r  u_sub/sum_negative0_carry/O[3]
                         net (fo=6, routed)           0.243     6.245    u_sub/sum[3]
    SLICE_X114Y549       LUT6 (Prop_H6LUT_SLICEL_I1_O)
                                                      0.150     6.395 r  u_sub/p2_diff[6]_i_18/O
                         net (fo=8, routed)           0.057     6.452    u_sub/p2_diff[6]_i_18_n_0
    SLICE_X114Y549       LUT6 (Prop_C6LUT_SLICEL_I3_O)
                                                      0.123     6.575 r  u_sub/p2_diff[6]_i_12/O
                         net (fo=9, routed)           0.150     6.725    u_sub/p2_diff[6]_i_12_n_0
    SLICE_X114Y548       LUT6 (Prop_C6LUT_SLICEL_I3_O)
                                                      0.050     6.775 r  u_sub/p2_diff[13]_i_9/O
                         net (fo=13, routed)          0.080     6.855    u_sub/p2_diff[13]_i_9_n_0
    SLICE_X114Y547       LUT5 (Prop_H6LUT_SLICEL_I2_O)
                                                      0.124     6.979 r  u_sub/p2_diff[11]_i_8/O
                         net (fo=3, routed)           0.176     7.154    u_sub/p2_diff[11]_i_8_n_0
    SLICE_X112Y546       LUT5 (Prop_E6LUT_SLICEL_I1_O)
                                                      0.051     7.205 r  u_sub/p2_diff[6]_i_16/O
                         net (fo=3, routed)           0.099     7.304    u_sub/p2_diff[6]_i_16_n_0
    SLICE_X112Y548       LUT4 (Prop_C6LUT_SLICEL_I2_O)
                                                      0.088     7.392 f  u_sub/p2_diff[6]_i_9/O
                         net (fo=16, routed)          0.228     7.621    u_sub/p2_diff[6]_i_9_n_0
    SLICE_X113Y552       LUT5 (Prop_E6LUT_SLICEM_I2_O)
                                                      0.124     7.745 f  u_sub/p2_diff[5]_i_15/O
                         net (fo=3, routed)           0.100     7.845    u_sub/p2_diff[5]_i_15_n_0
    SLICE_X113Y552       LUT5 (Prop_B6LUT_SLICEM_I3_O)
                                                      0.089     7.934 f  u_sub/p2_diff[5]_i_5/O
                         net (fo=6, routed)           0.141     8.074    u_sub/p2_diff[5]_i_5_n_0
    SLICE_X113Y550       LUT6 (Prop_B6LUT_SLICEM_I1_O)
                                                      0.100     8.174 r  u_sub/p2_diff[9]_i_5/O
                         net (fo=6, routed)           0.051     8.225    u_sub/p2_diff[9]_i_5_n_0
    SLICE_X113Y550       LUT5 (Prop_G5LUT_SLICEM_I2_O)
                                                      0.112     8.337 r  u_sub/p2_diff[14]_i_3/O
                         net (fo=12, routed)          0.159     8.497    u_sub/p2_diff[14]_i_3_n_0
    SLICE_X112Y550       LUT6 (Prop_F6LUT_SLICEL_I4_O)
                                                      0.035     8.532 f  u_sub/p2_diff[0]_i_8/O
                         net (fo=1, routed)           0.134     8.666    u_sub/p2_diff[0]_i_8_n_0
    SLICE_X112Y551       LUT6 (Prop_D6LUT_SLICEL_I3_O)
                                                      0.050     8.716 r  u_sub/p2_diff[0]_i_3/O
                         net (fo=6, routed)           0.104     8.820    u_sub/p2_diff[0]_i_3_n_0
    SLICE_X113Y551       LUT4 (Prop_A6LUT_SLICEM_I1_O)
                                                      0.125     8.945 r  u_sub/p2_diff[9]_i_1/O
                         net (fo=6, routed)           0.204     9.149    u_sub_n_16
    SLICE_X113Y551       FDRE                                         r  p2_diff_reg[5]/R
  -------------------------------------------------------------------    -------------------

                         (clock clk rise edge)        2.000     2.000 r  
    AY11                                              0.000     2.000 r  clk (IN)
                         net (fo=0)                   0.000     2.000    clk_IBUF_inst/I
    AY11                 INBUF (Prop_INBUF_HPIOB_M_PAD_O)
                                                      0.405     2.405 r  clk_IBUF_inst/INBUF_INST/O
                         net (fo=1, routed)           0.000     2.405    clk_IBUF_inst/OUT
    AY11                 IBUFCTRL (Prop_IBUFCTRL_HPIOB_M_I_O)
                                                      0.000     2.405 r  clk_IBUF_inst/IBUFCTRL_INST/O
                         net (fo=1, routed)           0.286     2.691    clk_IBUF
    BUFGCE_X1Y192        BUFGCE (Prop_BUFCE_BUFGCE_I_O)
                                                      0.024     2.715 r  clk_IBUF_BUFG_inst/O
    X4Y9 (CLOCK_ROOT)    net (fo=314, routed)         1.402     4.117    clk_IBUF_BUFG
    SLICE_X113Y551       FDRE                                         r  p2_diff_reg[5]/C
                         clock pessimism              0.376     4.493    
                         clock uncertainty           -0.035     4.457    
    SLICE_X113Y551       FDRE (Setup_DFF_SLICEM_C_R)
                                                     -0.074     4.383    p2_diff_reg[5]
  -------------------------------------------------------------------
                         required time                          4.383    
                         arrival time                          -9.149    
  -------------------------------------------------------------------
                         slack                                 -4.766    





Min Delay Paths
--------------------------------------------------------------------------------------
Slack (MET) :             0.065ns  (arrival time - required time)
  Source:                 p2_valid_reg/C
                            (rising edge-triggered cell FDCE clocked by clk  {rise@0.000ns fall@1.000ns period=2.000ns})
  Destination:            p3_valid_reg/D
                            (rising edge-triggered cell FDCE clocked by clk  {rise@0.000ns fall@1.000ns period=2.000ns})
  Path Group:             clk
  Path Type:              Hold (Min at Slow Process Corner)
  Requirement:            0.000ns  (clk rise@0.000ns - clk rise@0.000ns)
  Data Path Delay:        0.250ns  (logic 0.058ns (23.200%)  route 0.192ns (76.800%))
  Logic Levels:           0  
  Clock Path Skew:        0.125ns (DCD - SCD - CPR)
    Destination Clock Delay (DCD):    2.425ns
    Source Clock Delay      (SCD):    1.923ns
    Clock Pessimism Removal (CPR):    0.377ns
  Clock Net Delay (Source):      1.208ns (routing 0.491ns, distribution 0.717ns)
  Clock Net Delay (Destination): 1.417ns (routing 0.540ns, distribution 0.877ns)

    Location             Delay type                Incr(ns)  Path(ns)    Netlist Resource(s)
  -------------------------------------------------------------------    -------------------
                         (clock clk rise edge)        0.000     0.000 r  
    AY11                                              0.000     0.000 r  clk (IN)
                         net (fo=0)                   0.000     0.000    clk_IBUF_inst/I
    AY11                 INBUF (Prop_INBUF_HPIOB_M_PAD_O)
                                                      0.405     0.405 r  clk_IBUF_inst/INBUF_INST/O
                         net (fo=1, routed)           0.000     0.405    clk_IBUF_inst/OUT
    AY11                 IBUFCTRL (Prop_IBUFCTRL_HPIOB_M_I_O)
                                                      0.000     0.405 r  clk_IBUF_inst/IBUFCTRL_INST/O
                         net (fo=1, routed)           0.286     0.691    clk_IBUF
    BUFGCE_X1Y192        BUFGCE (Prop_BUFCE_BUFGCE_I_O)
                                                      0.024     0.715 r  clk_IBUF_BUFG_inst/O
    X4Y9 (CLOCK_ROOT)    net (fo=314, routed)         1.208     1.923    clk_IBUF_BUFG
    SLICE_X116Y557       FDCE                                         r  p2_valid_reg/C
  -------------------------------------------------------------------    -------------------
    SLICE_X116Y557       FDCE (Prop_EFF_SLICEM_C_Q)
                                                      0.058     1.981 r  p2_valid_reg/Q
                         net (fo=1, routed)           0.192     2.173    p2_valid
    SLICE_X113Y557       FDCE                                         r  p3_valid_reg/D
  -------------------------------------------------------------------    -------------------

                         (clock clk rise edge)        0.000     0.000 r  
    AY11                                              0.000     0.000 r  clk (IN)
                         net (fo=0)                   0.000     0.000    clk_IBUF_inst/I
    AY11                 INBUF (Prop_INBUF_HPIOB_M_PAD_O)
                                                      0.657     0.657 r  clk_IBUF_inst/INBUF_INST/O
                         net (fo=1, routed)           0.000     0.657    clk_IBUF_inst/OUT
    AY11                 IBUFCTRL (Prop_IBUFCTRL_HPIOB_M_I_O)
                                                      0.000     0.657 r  clk_IBUF_inst/IBUFCTRL_INST/O
                         net (fo=1, routed)           0.323     0.980    clk_IBUF
    BUFGCE_X1Y192        BUFGCE (Prop_BUFCE_BUFGCE_I_O)
                                                      0.028     1.008 r  clk_IBUF_BUFG_inst/O
    X4Y9 (CLOCK_ROOT)    net (fo=314, routed)         1.417     2.425    clk_IBUF_BUFG
    SLICE_X113Y557       FDCE                                         r  p3_valid_reg/C
                         clock pessimism             -0.377     2.048    
    SLICE_X113Y557       FDCE (Hold_EFF_SLICEM_C_D)
                                                      0.060     2.108    p3_valid_reg
  -------------------------------------------------------------------
                         required time                         -2.108    
                         arrival time                           2.173    
  -------------------------------------------------------------------
                         slack                                  0.065    





Pulse Width Checks
--------------------------------------------------------------------------------------
Clock Name:         clk
Waveform(ns):       { 0.000 1.000 }
Period(ns):         2.000
Sources:            { clk }

Check Type        Corner  Lib Pin     Reference Pin  Required(ns)  Actual(ns)  Slack(ns)  Location        Pin
Min Period        n/a     BUFGCE/I    n/a            1.290         2.000       0.710      BUFGCE_X1Y192   clk_IBUF_BUFG_inst/I
Low Pulse Width   Slow    SRL16E/CLK  n/a            0.532         1.000       0.468      SLICE_X113Y543  p2_clamp_reg_srl2/CLK
High Pulse Width  Slow    SRL16E/CLK  n/a            0.532         1.000       0.468      SLICE_X113Y543  p2_clamp_reg_srl2/CLK



