Copyright 1986-2022 Xilinx, Inc. All Rights Reserved. Copyright 2022-2024 Advanced Micro Devices, Inc. All Rights Reserved.
--------------------------------------------------------------------------------------------------------------------------------------------------
| Tool Version      : Vivado v.2024.2 (lin64) Build 5239630 Fri Nov 08 22:34:34 MST 2024
| Date              : Thu Jun 11 14:31:52 2026
| Host         : (anonymized)
| Command           : report_timing_summary -max_paths 1 -file <RUN_DIR>/xda_dsp_run/out/nli_nodsp/timing.rpt
| Design            : nli_engine
| Device            : xcu200-fsgd2104
| Speed File        : -2  PRODUCTION 1.28 03-30-2022
| Design State      : Routed
| Temperature Grade : E
--------------------------------------------------------------------------------------------------------------------------------------------------

Timing Summary Report

------------------------------------------------------------------------------------------------
| Timer Settings
| --------------
------------------------------------------------------------------------------------------------

  Enable Multi Corner Analysis               :  Yes
  Enable Pessimism Removal                   :  Yes
  Pessimism Removal Resolution               :  Nearest Common Node
  Enable Input Delay Default Clock           :  No
  Enable Preset / Clear Arcs                 :  No
  Disable Flight Delays                      :  No
  Ignore I/O Paths                           :  No
  Timing Early Launch at Borrowing Latches   :  No
  Borrow Time for Max Delay Exceptions       :  Yes
  Merge Timing Exceptions                    :  Yes
  Inter-SLR Compensation                     :  Conservative

  Corner  Analyze    Analyze    
  Name    Max Paths  Min Paths  
  ------  ---------  ---------  
  Slow    Yes        Yes        
  Fast    Yes        Yes        


------------------------------------------------------------------------------------------------
| Report Methodology
| ------------------
------------------------------------------------------------------------------------------------

No report available as report_methodology has not been run prior. Run report_methodology on the current design for the summary of methodology violations.



check_timing report

Table of Contents
-----------------
1. checking no_clock (0)
2. checking constant_clock (0)
3. checking pulse_width_clock (0)
4. checking unconstrained_internal_endpoints (0)
5. checking no_input_delay (46)
6. checking no_output_delay (17)
7. checking multiple_clock (0)
8. checking generated_clocks (0)
9. checking loops (0)
10. checking partial_input_delay (0)
11. checking partial_output_delay (0)
12. checking latch_loops (0)

1. checking no_clock (0)
------------------------
 There are 0 register/latch pins with no clock.


2. checking constant_clock (0)
------------------------------
 There are 0 register/latch pins with constant_clock.


3. checking pulse_width_clock (0)
---------------------------------
 There are 0 register/latch pins which need pulse_width check


4. checking unconstrained_internal_endpoints (0)
------------------------------------------------
 There are 0 pins that are not constrained for maximum delay.

 There are 0 pins that are not constrained for maximum delay due to constant clock.


5. checking no_input_delay (46)
-------------------------------
 There are 46 input ports with no input delay specified. (HIGH)

 There are 0 input ports with no input delay but user has a false path constraint.


6. checking no_output_delay (17)
--------------------------------
 There are 17 ports with no output delay specified. (HIGH)

 There are 0 ports with no output delay but user has a false path constraint

 There are 0 ports with no output delay but with a timing clock defined on it or propagating through it


7. checking multiple_clock (0)
------------------------------
 There are 0 register/latch pins with multiple clocks.


8. checking generated_clocks (0)
--------------------------------
 There are 0 generated clocks that are not connected to a clock source.


9. checking loops (0)
---------------------
 There are 0 combinational loops in the design.


10. checking partial_input_delay (0)
------------------------------------
 There are 0 input ports with partial input delay specified.


11. checking partial_output_delay (0)
-------------------------------------
 There are 0 ports with partial output delay specified.


12. checking latch_loops (0)
----------------------------
 There are 0 combinational latch loops in the design through latch input



------------------------------------------------------------------------------------------------
| Design Timing Summary
| ---------------------
------------------------------------------------------------------------------------------------

    WNS(ns)      TNS(ns)  TNS Failing Endpoints  TNS Total Endpoints      WHS(ns)      THS(ns)  THS Failing Endpoints  THS Total Endpoints     WPWS(ns)     TPWS(ns)  TPWS Failing Endpoints  TPWS Total Endpoints  
    -------      -------  ---------------------  -------------------      -------      -------  ---------------------  -------------------     --------     --------  ----------------------  --------------------  
     -8.306     -578.156                     90                  121        0.003        0.000                      0                  121        0.468        0.000                       0                   508  


Timing constraints are not met.


------------------------------------------------------------------------------------------------
| Clock Summary
| -------------
------------------------------------------------------------------------------------------------

Clock  Waveform(ns)         Period(ns)      Frequency(MHz)
-----  ------------         ----------      --------------
clk    {0.000 1.000}        2.000           500.000         


------------------------------------------------------------------------------------------------
| Intra Clock Table
| -----------------
------------------------------------------------------------------------------------------------

Clock             WNS(ns)      TNS(ns)  TNS Failing Endpoints  TNS Total Endpoints      WHS(ns)      THS(ns)  THS Failing Endpoints  THS Total Endpoints     WPWS(ns)     TPWS(ns)  TPWS Failing Endpoints  TPWS Total Endpoints  
-----             -------      -------  ---------------------  -------------------      -------      -------  ---------------------  -------------------     --------     --------  ----------------------  --------------------  
clk                -8.306     -578.156                     90                  121        0.003        0.000                      0                  121        0.468        0.000                       0                   508  


------------------------------------------------------------------------------------------------
| Inter Clock Table
| -----------------
------------------------------------------------------------------------------------------------

From Clock    To Clock          WNS(ns)      TNS(ns)  TNS Failing Endpoints  TNS Total Endpoints      WHS(ns)      THS(ns)  THS Failing Endpoints  THS Total Endpoints  
----------    --------          -------      -------  ---------------------  -------------------      -------      -------  ---------------------  -------------------  


------------------------------------------------------------------------------------------------
| Other Path Groups Table
| -----------------------
------------------------------------------------------------------------------------------------

Path Group    From Clock    To Clock          WNS(ns)      TNS(ns)  TNS Failing Endpoints  TNS Total Endpoints      WHS(ns)      THS(ns)  THS Failing Endpoints  THS Total Endpoints  
----------    ----------    --------          -------      -------  ---------------------  -------------------      -------      -------  ---------------------  -------------------  


------------------------------------------------------------------------------------------------
| Timing Details
| --------------
------------------------------------------------------------------------------------------------


---------------------------------------------------------------------------------------------------
From Clock:  clk
  To Clock:  clk

Setup :           90  Failing Endpoints,  Worst Slack       -8.306ns,  Total Violation     -578.156ns
Hold  :            0  Failing Endpoints,  Worst Slack        0.003ns,  Total Violation        0.000ns
PW    :            0  Failing Endpoints,  Worst Slack        0.468ns,  Total Violation        0.000ns
---------------------------------------------------------------------------------------------------


Max Delay Paths
--------------------------------------------------------------------------------------
Slack (VIOLATED) :        -8.306ns  (required time - arrival time)
  Source:                 point_reg_reg[0][6]/C
                            (rising edge-triggered cell FDRE clocked by clk  {rise@0.000ns fall@1.000ns period=2.000ns})
  Destination:            p1_offset_reg[11]/D
                            (rising edge-triggered cell FDRE clocked by clk  {rise@0.000ns fall@1.000ns period=2.000ns})
  Path Group:             clk
  Path Type:              Setup (Max at Slow Process Corner)
  Requirement:            2.000ns  (clk rise@2.000ns - clk rise@0.000ns)
  Data Path Delay:        10.238ns  (logic 3.765ns (36.775%)  route 6.473ns (63.225%))
  Logic Levels:           39  (CARRY8=4 LUT2=5 LUT3=3 LUT4=6 LUT5=6 LUT6=15)
  Clock Path Skew:        -0.057ns (DCD - SCD + CPR)
    Destination Clock Delay (DCD):    2.583ns = ( 4.583 - 2.000 ) 
    Source Clock Delay      (SCD):    3.080ns
    Clock Pessimism Removal (CPR):    0.440ns
  Clock Uncertainty:      0.035ns  ((TSJ^2 + TIJ^2)^1/2 + DJ) / 2 + PE
    Total System Jitter     (TSJ):    0.071ns
    Total Input Jitter      (TIJ):    0.000ns
    Discrete Jitter          (DJ):    0.000ns
    Phase Error              (PE):    0.000ns
  Clock Net Delay (Source):      2.072ns (routing 1.065ns, distribution 1.007ns)
  Clock Net Delay (Destination): 1.867ns (routing 0.967ns, distribution 0.900ns)

    Location             Delay type                Incr(ns)  Path(ns)    Netlist Resource(s)
  -------------------------------------------------------------------    -------------------
                         (clock clk rise edge)        0.000     0.000 r  
    AY11                                              0.000     0.000 r  clk (IN)
                         net (fo=0)                   0.000     0.000    clk_IBUF_inst/I
    AY11                 INBUF (Prop_INBUF_HPIOB_M_PAD_O)
                                                      0.657     0.657 r  clk_IBUF_inst/INBUF_INST/O
                         net (fo=1, routed)           0.000     0.657    clk_IBUF_inst/OUT
    AY11                 IBUFCTRL (Prop_IBUFCTRL_HPIOB_M_I_O)
                                                      0.000     0.657 r  clk_IBUF_inst/IBUFCTRL_INST/O
                         net (fo=1, routed)           0.323     0.980    clk_IBUF
    BUFGCE_X1Y211        BUFGCE (Prop_BUFCE_BUFGCE_I_O)
                                                      0.028     1.008 r  clk_IBUF_BUFG_inst/O
    X4Y6 (CLOCK_ROOT)    net (fo=507, routed)         2.072     3.080    clk_IBUF_BUFG
    SLICE_X125Y385       FDRE                                         r  point_reg_reg[0][6]/C
  -------------------------------------------------------------------    -------------------
    SLICE_X125Y385       FDRE (Prop_GFF_SLICEM_C_Q)
                                                      0.078     3.158 r  point_reg_reg[0][6]/Q
                         net (fo=7, routed)           0.116     3.274    point_reg_reg_n_0_[0][6]
    SLICE_X125Y386       LUT4 (Prop_D6LUT_SLICEM_I1_O)
                                                      0.145     3.419 r  p1_offset[15]_i_194/O
                         net (fo=1, routed)           0.025     3.444    p1_offset[15]_i_194_n_0
    SLICE_X125Y386       CARRY8 (Prop_CARRY8_SLICEM_S[3]_CO[7])
                                                      0.170     3.614 f  p1_offset_reg[15]_i_127/CO[7]
                         net (fo=1, routed)           0.240     3.854    p1_offset_reg[15]_i_127_n_0
    SLICE_X124Y385       LUT6 (Prop_F6LUT_SLICEL_I2_O)
                                                      0.049     3.903 r  p1_offset[15]_i_45/O
                         net (fo=16, routed)          0.218     4.121    p1_offset[15]_i_45_n_0
    SLICE_X125Y387       LUT5 (Prop_H6LUT_SLICEM_I1_O)
                                                      0.053     4.174 r  p1_offset[15]_i_71/O
                         net (fo=46, routed)          0.554     4.728    p1_offset[15]_i_71_n_0
    SLICE_X119Y383       LUT4 (Prop_B6LUT_SLICEM_I3_O)
                                                      0.052     4.780 r  p1_index[2]_i_204/O
                         net (fo=1, routed)           0.016     4.796    p1_index[2]_i_204_n_0
    SLICE_X119Y383       CARRY8 (Prop_CARRY8_SLICEM_S[1]_CO[7])
                                                      0.197     4.993 f  p1_index_reg[2]_i_172/CO[7]
                         net (fo=1, routed)           0.268     5.261    p1_index_reg[2]_i_172_n_0
    SLICE_X121Y387       LUT4 (Prop_E6LUT_SLICEM_I2_O)
                                                      0.052     5.313 f  p1_index[2]_i_68/O
                         net (fo=1, routed)           0.180     5.493    p1_index[2]_i_68_n_0
    SLICE_X121Y387       LUT6 (Prop_H6LUT_SLICEM_I5_O)
                                                      0.090     5.583 f  p1_index[2]_i_17/O
                         net (fo=2, routed)           0.094     5.677    p1_index[2]_i_17_n_0
    SLICE_X121Y387       LUT4 (Prop_F6LUT_SLICEM_I3_O)
                                                      0.051     5.728 f  p1_index[0]_i_3/O
                         net (fo=17, routed)          0.106     5.834    p1_index[0]_i_3_n_0
    SLICE_X121Y387       LUT6 (Prop_D6LUT_SLICEM_I0_O)
                                                      0.145     5.979 f  p1_index[0]_i_2/O
                         net (fo=49, routed)          0.255     6.234    cmp_index[0]
    SLICE_X118Y385       LUT5 (Prop_G6LUT_SLICEL_I1_O)
                                                      0.097     6.331 r  p1_offset[15]_i_101/O
                         net (fo=1, routed)           0.138     6.469    p1_offset[15]_i_101_n_0
    SLICE_X117Y384       LUT5 (Prop_F6LUT_SLICEM_I2_O)
                                                      0.098     6.567 f  p1_offset[15]_i_41/O
                         net (fo=9, routed)           0.121     6.688    point_reg[13]
    SLICE_X119Y384       LUT5 (Prop_A6LUT_SLICEM_I2_O)
                                                      0.150     6.838 r  p1_offset[15]_i_12/O
                         net (fo=5, routed)           0.101     6.939    p1_offset[15]_i_12_n_0
    SLICE_X119Y382       LUT2 (Prop_F6LUT_SLICEM_I0_O)
                                                      0.088     7.027 r  p1_offset[15]_i_236/O
                         net (fo=1, routed)           0.022     7.049    p1_offset[15]_i_236_n_0
    SLICE_X119Y382       CARRY8 (Prop_CARRY8_SLICEM_S[5]_CO[5])
                                                      0.105     7.154 f  p1_offset_reg[15]_i_130/CO[5]
                         net (fo=1, routed)           0.180     7.334    u_sub1/a_mant_larger
    SLICE_X118Y381       LUT6 (Prop_D6LUT_SLICEL_I0_O)
                                                      0.036     7.370 f  p1_offset[15]_i_52/O
                         net (fo=1, routed)           0.086     7.456    p1_offset[15]_i_52_n_0
    SLICE_X118Y381       LUT6 (Prop_C6LUT_SLICEL_I0_O)
                                                      0.050     7.506 r  p1_offset[15]_i_18/O
                         net (fo=40, routed)          0.127     7.633    p1_offset[15]_i_18_n_0
    SLICE_X118Y381       LUT3 (Prop_E6LUT_SLICEL_I0_O)
                                                      0.035     7.668 r  p1_offset[15]_i_299/O
                         net (fo=1, routed)           0.109     7.777    p1_offset[15]_i_299_n_0
    SLICE_X118Y381       LUT6 (Prop_H6LUT_SLICEL_I4_O)
                                                      0.150     7.927 r  p1_offset[15]_i_286/O
                         net (fo=19, routed)          0.232     8.159    p1_offset[15]_i_286_n_0
    SLICE_X120Y380       LUT4 (Prop_A6LUT_SLICEL_I2_O)
                                                      0.050     8.209 r  p1_offset[15]_i_268/O
                         net (fo=5, routed)           0.117     8.326    p1_offset[15]_i_268_n_0
    SLICE_X120Y380       LUT6 (Prop_G6LUT_SLICEL_I2_O)
                                                      0.149     8.475 r  p1_offset[15]_i_155/O
                         net (fo=3, routed)           0.208     8.683    p1_offset[15]_i_155_n_0
    SLICE_X121Y379       LUT6 (Prop_B6LUT_SLICEM_I2_O)
                                                      0.100     8.783 r  p1_offset[15]_i_147/O
                         net (fo=1, routed)           0.016     8.799    p1_offset[15]_i_147_n_0
    SLICE_X121Y379       CARRY8 (Prop_CARRY8_SLICEM_S[1]_O[5])
                                                      0.237     9.036 r  p1_offset_reg[15]_i_54/O[5]
                         net (fo=4, routed)           0.204     9.240    u_sub1/sum[5]
    SLICE_X121Y378       LUT6 (Prop_C6LUT_SLICEM_I0_O)
                                                      0.145     9.385 r  p1_offset[6]_i_9/O
                         net (fo=6, routed)           0.091     9.476    p1_offset[6]_i_9_n_0
    SLICE_X121Y378       LUT3 (Prop_E6LUT_SLICEM_I1_O)
                                                      0.037     9.513 r  p1_offset[15]_i_23/O
                         net (fo=6, routed)           0.297     9.810    p1_offset[15]_i_23_n_0
    SLICE_X122Y377       LUT6 (Prop_C6LUT_SLICEL_I2_O)
                                                      0.123     9.933 r  p1_offset[15]_i_69/O
                         net (fo=1, routed)           0.086    10.019    p1_offset[15]_i_69_n_0
    SLICE_X122Y378       LUT6 (Prop_A6LUT_SLICEL_I5_O)
                                                      0.098    10.117 f  p1_offset[15]_i_22/O
                         net (fo=2, routed)           0.055    10.172    p1_offset[15]_i_22_n_0
    SLICE_X122Y377       LUT2 (Prop_H6LUT_SLICEL_I1_O)
                                                      0.036    10.208 r  p1_offset[14]_i_13/O
                         net (fo=14, routed)          0.314    10.522    p1_offset[14]_i_13_n_0
    SLICE_X121Y378       LUT5 (Prop_G6LUT_SLICEM_I0_O)
                                                      0.037    10.559 r  p1_offset[13]_i_21/O
                         net (fo=2, routed)           0.102    10.661    p1_offset[13]_i_21_n_0
    SLICE_X121Y376       LUT6 (Prop_H6LUT_SLICEM_I5_O)
                                                      0.090    10.751 f  p1_offset[13]_i_20/O
                         net (fo=2, routed)           0.097    10.848    p1_offset[13]_i_20_n_0
    SLICE_X121Y377       LUT2 (Prop_A6LUT_SLICEM_I1_O)
                                                      0.100    10.948 r  p1_offset[13]_i_13/O
                         net (fo=20, routed)          0.333    11.281    p1_offset[13]_i_13_n_0
    SLICE_X123Y375       LUT2 (Prop_E6LUT_SLICEM_I1_O)
                                                      0.052    11.333 r  p1_offset[0]_i_6/O
                         net (fo=2, routed)           0.088    11.421    p1_offset[0]_i_6_n_0
    SLICE_X123Y376       LUT2 (Prop_B6LUT_SLICEM_I1_O)
                                                      0.037    11.458 f  p1_offset[9]_i_10/O
                         net (fo=12, routed)          0.303    11.761    p1_offset[9]_i_10_n_0
    SLICE_X120Y376       LUT3 (Prop_B6LUT_SLICEL_I2_O)
                                                      0.124    11.885 r  p1_offset[9]_i_6/O
                         net (fo=1, routed)           0.134    12.019    p1_offset[9]_i_6_n_0
    SLICE_X121Y375       LUT5 (Prop_B6LUT_SLICEM_I3_O)
                                                      0.089    12.108 r  p1_offset[9]_i_2/O
                         net (fo=2, routed)           0.344    12.452    p1_offset[9]_i_2_n_0
    SLICE_X122Y373       LUT6 (Prop_G6LUT_SLICEL_I5_O)
                                                      0.089    12.541 r  p1_offset[14]_i_2/O
                         net (fo=12, routed)          0.107    12.648    p1_offset[14]_i_2_n_0
    SLICE_X122Y374       LUT4 (Prop_H5LUT_SLICEL_I0_O)
                                                      0.109    12.757 r  p1_offset[15]_i_16/O
                         net (fo=4, routed)           0.118    12.875    p1_offset[15]_i_16_n_0
    SLICE_X122Y373       LUT6 (Prop_D6LUT_SLICEL_I4_O)
                                                      0.050    12.925 f  p1_offset[14]_i_6/O
                         net (fo=14, routed)          0.221    13.147    p1_offset[14]_i_6_n_0
    SLICE_X124Y374       LUT6 (Prop_D6LUT_SLICEL_I5_O)
                                                      0.122    13.269 r  p1_offset[11]_i_1/O
                         net (fo=1, routed)           0.049    13.318    p1_offset[11]_i_1_n_0
    SLICE_X124Y374       FDRE                                         r  p1_offset_reg[11]/D
  -------------------------------------------------------------------    -------------------

                         (clock clk rise edge)        2.000     2.000 r  
    AY11                                              0.000     2.000 r  clk (IN)
                         net (fo=0)                   0.000     2.000    clk_IBUF_inst/I
    AY11                 INBUF (Prop_INBUF_HPIOB_M_PAD_O)
                                                      0.405     2.405 r  clk_IBUF_inst/INBUF_INST/O
                         net (fo=1, routed)           0.000     2.405    clk_IBUF_inst/OUT
    AY11                 IBUFCTRL (Prop_IBUFCTRL_HPIOB_M_I_O)
                                                      0.000     2.405 r  clk_IBUF_inst/IBUFCTRL_INST/O
                         net (fo=1, routed)           0.286     2.691    clk_IBUF
    BUFGCE_X1Y211        BUFGCE (Prop_BUFCE_BUFGCE_I_O)
                                                      0.024     2.715 r  clk_IBUF_BUFG_inst/O
    X4Y6 (CLOCK_ROOT)    net (fo=507, routed)         1.867     4.583    clk_IBUF_BUFG
    SLICE_X124Y374       FDRE                                         r  p1_offset_reg[11]/C
                         clock pessimism              0.440     5.022    
                         clock uncertainty           -0.035     4.987    
    SLICE_X124Y374       FDRE (Setup_DFF_SLICEL_C_D)
                                                      0.025     5.012    p1_offset_reg[11]
  -------------------------------------------------------------------
                         required time                          5.012    
                         arrival time                         -13.318    
  -------------------------------------------------------------------
                         slack                                 -8.306    





Min Delay Paths
--------------------------------------------------------------------------------------
Slack (MET) :             0.003ns  (arrival time - required time)
  Source:                 p3_valid_reg/C
                            (rising edge-triggered cell FDCE clocked by clk  {rise@0.000ns fall@1.000ns period=2.000ns})
  Destination:            o_data_reg[12]/D
                            (rising edge-triggered cell FDCE clocked by clk  {rise@0.000ns fall@1.000ns period=2.000ns})
  Path Group:             clk
  Path Type:              Hold (Min at Slow Process Corner)
  Requirement:            0.000ns  (clk rise@0.000ns - clk rise@0.000ns)
  Data Path Delay:        0.433ns  (logic 0.093ns (21.502%)  route 0.340ns (78.498%))
  Logic Levels:           1  (LUT5=1)
  Clock Path Skew:        -0.022ns (DCD - SCD - CPR)
    Destination Clock Delay (DCD):    3.151ns
    Source Clock Delay      (SCD):    2.727ns
    Clock Pessimism Removal (CPR):    0.446ns
  Clock Net Delay (Source):      2.012ns (routing 0.967ns, distribution 1.045ns)
  Clock Net Delay (Destination): 2.143ns (routing 1.065ns, distribution 1.078ns)

    Location             Delay type                Incr(ns)  Path(ns)    Netlist Resource(s)
  -------------------------------------------------------------------    -------------------
                         (clock clk rise edge)        0.000     0.000 r  
    AY11                                              0.000     0.000 r  clk (IN)
                         net (fo=0)                   0.000     0.000    clk_IBUF_inst/I
    AY11                 INBUF (Prop_INBUF_HPIOB_M_PAD_O)
                                                      0.405     0.405 r  clk_IBUF_inst/INBUF_INST/O
                         net (fo=1, routed)           0.000     0.405    clk_IBUF_inst/OUT
    AY11                 IBUFCTRL (Prop_IBUFCTRL_HPIOB_M_I_O)
                                                      0.000     0.405 r  clk_IBUF_inst/IBUFCTRL_INST/O
                         net (fo=1, routed)           0.286     0.691    clk_IBUF
    BUFGCE_X1Y211        BUFGCE (Prop_BUFCE_BUFGCE_I_O)
                                                      0.024     0.715 r  clk_IBUF_BUFG_inst/O
    X4Y6 (CLOCK_ROOT)    net (fo=507, routed)         2.012     2.727    clk_IBUF_BUFG
    SLICE_X111Y333       FDCE                                         r  p3_valid_reg/C
  -------------------------------------------------------------------    -------------------
    SLICE_X111Y333       FDCE (Prop_AFF_SLICEL_C_Q)
                                                      0.058     2.785 r  p3_valid_reg/Q
                         net (fo=17, routed)          0.314     3.099    u_mul4/p3_valid
    SLICE_X113Y333       LUT5 (Prop_E6LUT_SLICEM_I0_O)
                                                      0.035     3.134 r  u_mul4/o_data[12]_i_1/O
                         net (fo=1, routed)           0.026     3.160    u_mul4_n_3
    SLICE_X113Y333       FDCE                                         r  o_data_reg[12]/D
  -------------------------------------------------------------------    -------------------

                         (clock clk rise edge)        0.000     0.000 r  
    AY11                                              0.000     0.000 r  clk (IN)
                         net (fo=0)                   0.000     0.000    clk_IBUF_inst/I
    AY11                 INBUF (Prop_INBUF_HPIOB_M_PAD_O)
                                                      0.657     0.657 r  clk_IBUF_inst/INBUF_INST/O
                         net (fo=1, routed)           0.000     0.657    clk_IBUF_inst/OUT
    AY11                 IBUFCTRL (Prop_IBUFCTRL_HPIOB_M_I_O)
                                                      0.000     0.657 r  clk_IBUF_inst/IBUFCTRL_INST/O
                         net (fo=1, routed)           0.323     0.980    clk_IBUF
    BUFGCE_X1Y211        BUFGCE (Prop_BUFCE_BUFGCE_I_O)
                                                      0.028     1.008 r  clk_IBUF_BUFG_inst/O
    X4Y6 (CLOCK_ROOT)    net (fo=507, routed)         2.143     3.151    clk_IBUF_BUFG
    SLICE_X113Y333       FDCE                                         r  o_data_reg[12]/C
                         clock pessimism             -0.446     2.705    
    SLICE_X113Y333       FDCE (Hold_EFF_SLICEM_C_D)
                                                      0.451     3.156    o_data_reg[12]
  -------------------------------------------------------------------
                         required time                         -3.156    
                         arrival time                           3.160    
  -------------------------------------------------------------------
                         slack                                  0.003    





Pulse Width Checks
--------------------------------------------------------------------------------------
Clock Name:         clk
Waveform(ns):       { 0.000 1.000 }
Period(ns):         2.000
Sources:            { clk }

Check Type        Corner  Lib Pin      Reference Pin  Required(ns)  Actual(ns)  Slack(ns)  Location        Pin
Min Period        n/a     BUFGCE/I     n/a            1.290         2.000       0.710      BUFGCE_X1Y211   clk_IBUF_BUFG_inst/I
Low Pulse Width   Slow    RAMD64E/CLK  n/a            0.532         1.000       0.468      SLICE_X113Y355  lut_reg_reg_r1_0_63_0_6/RAMA/CLK
High Pulse Width  Slow    RAMD64E/CLK  n/a            0.532         1.000       0.468      SLICE_X113Y355  lut_reg_reg_r1_0_63_0_6/RAMA/CLK



