Copyright 1986-2022 Xilinx, Inc. All Rights Reserved. Copyright 2022-2024 Advanced Micro Devices, Inc. All Rights Reserved.
--------------------------------------------------------------------------------------------------------------------------------------------------
| Tool Version      : Vivado v.2024.2 (lin64) Build 5239630 Fri Nov 08 22:34:34 MST 2024
| Date              : Thu Jun 11 14:02:56 2026
| Host         : (anonymized)
| Command           : report_timing_summary -max_paths 1 -file <RUN_DIR>/xda_dsp_run/out/nli_dsp/timing.rpt
| Design            : nli_engine
| Device            : xcu200-fsgd2104
| Speed File        : -2  PRODUCTION 1.28 03-30-2022
| Design State      : Routed
| Temperature Grade : E
--------------------------------------------------------------------------------------------------------------------------------------------------

Timing Summary Report

------------------------------------------------------------------------------------------------
| Timer Settings
| --------------
------------------------------------------------------------------------------------------------

  Enable Multi Corner Analysis               :  Yes
  Enable Pessimism Removal                   :  Yes
  Pessimism Removal Resolution               :  Nearest Common Node
  Enable Input Delay Default Clock           :  No
  Enable Preset / Clear Arcs                 :  No
  Disable Flight Delays                      :  No
  Ignore I/O Paths                           :  No
  Timing Early Launch at Borrowing Latches   :  No
  Borrow Time for Max Delay Exceptions       :  Yes
  Merge Timing Exceptions                    :  Yes
  Inter-SLR Compensation                     :  Conservative

  Corner  Analyze    Analyze    
  Name    Max Paths  Min Paths  
  ------  ---------  ---------  
  Slow    Yes        Yes        
  Fast    Yes        Yes        


------------------------------------------------------------------------------------------------
| Report Methodology
| ------------------
------------------------------------------------------------------------------------------------

No report available as report_methodology has not been run prior. Run report_methodology on the current design for the summary of methodology violations.



check_timing report

Table of Contents
-----------------
1. checking no_clock (0)
2. checking constant_clock (0)
3. checking pulse_width_clock (0)
4. checking unconstrained_internal_endpoints (0)
5. checking no_input_delay (46)
6. checking no_output_delay (17)
7. checking multiple_clock (0)
8. checking generated_clocks (0)
9. checking loops (0)
10. checking partial_input_delay (0)
11. checking partial_output_delay (0)
12. checking latch_loops (0)

1. checking no_clock (0)
------------------------
 There are 0 register/latch pins with no clock.


2. checking constant_clock (0)
------------------------------
 There are 0 register/latch pins with constant_clock.


3. checking pulse_width_clock (0)
---------------------------------
 There are 0 register/latch pins which need pulse_width check


4. checking unconstrained_internal_endpoints (0)
------------------------------------------------
 There are 0 pins that are not constrained for maximum delay.

 There are 0 pins that are not constrained for maximum delay due to constant clock.


5. checking no_input_delay (46)
-------------------------------
 There are 46 input ports with no input delay specified. (HIGH)

 There are 0 input ports with no input delay but user has a false path constraint.


6. checking no_output_delay (17)
--------------------------------
 There are 17 ports with no output delay specified. (HIGH)

 There are 0 ports with no output delay but user has a false path constraint

 There are 0 ports with no output delay but with a timing clock defined on it or propagating through it


7. checking multiple_clock (0)
------------------------------
 There are 0 register/latch pins with multiple clocks.


8. checking generated_clocks (0)
--------------------------------
 There are 0 generated clocks that are not connected to a clock source.


9. checking loops (0)
---------------------
 There are 0 combinational loops in the design.


10. checking partial_input_delay (0)
------------------------------------
 There are 0 input ports with partial input delay specified.


11. checking partial_output_delay (0)
-------------------------------------
 There are 0 ports with partial output delay specified.


12. checking latch_loops (0)
----------------------------
 There are 0 combinational latch loops in the design through latch input



------------------------------------------------------------------------------------------------
| Design Timing Summary
| ---------------------
------------------------------------------------------------------------------------------------

    WNS(ns)      TNS(ns)  TNS Failing Endpoints  TNS Total Endpoints      WHS(ns)      THS(ns)  THS Failing Endpoints  THS Total Endpoints     WPWS(ns)     TPWS(ns)  TPWS Failing Endpoints  TPWS Total Endpoints  
    -------      -------  ---------------------  -------------------      -------      -------  ---------------------  -------------------     --------     --------  ----------------------  --------------------  
     -7.736     -543.844                     87                  121        0.025        0.000                      0                  121        0.468        0.000                       0                   508  


Timing constraints are not met.


------------------------------------------------------------------------------------------------
| Clock Summary
| -------------
------------------------------------------------------------------------------------------------

Clock  Waveform(ns)         Period(ns)      Frequency(MHz)
-----  ------------         ----------      --------------
clk    {0.000 1.000}        2.000           500.000         


------------------------------------------------------------------------------------------------
| Intra Clock Table
| -----------------
------------------------------------------------------------------------------------------------

Clock             WNS(ns)      TNS(ns)  TNS Failing Endpoints  TNS Total Endpoints      WHS(ns)      THS(ns)  THS Failing Endpoints  THS Total Endpoints     WPWS(ns)     TPWS(ns)  TPWS Failing Endpoints  TPWS Total Endpoints  
-----             -------      -------  ---------------------  -------------------      -------      -------  ---------------------  -------------------     --------     --------  ----------------------  --------------------  
clk                -7.736     -543.844                     87                  121        0.025        0.000                      0                  121        0.468        0.000                       0                   508  


------------------------------------------------------------------------------------------------
| Inter Clock Table
| -----------------
------------------------------------------------------------------------------------------------

From Clock    To Clock          WNS(ns)      TNS(ns)  TNS Failing Endpoints  TNS Total Endpoints      WHS(ns)      THS(ns)  THS Failing Endpoints  THS Total Endpoints  
----------    --------          -------      -------  ---------------------  -------------------      -------      -------  ---------------------  -------------------  


------------------------------------------------------------------------------------------------
| Other Path Groups Table
| -----------------------
------------------------------------------------------------------------------------------------

Path Group    From Clock    To Clock          WNS(ns)      TNS(ns)  TNS Failing Endpoints  TNS Total Endpoints      WHS(ns)      THS(ns)  THS Failing Endpoints  THS Total Endpoints  
----------    ----------    --------          -------      -------  ---------------------  -------------------      -------      -------  ---------------------  -------------------  


------------------------------------------------------------------------------------------------
| Timing Details
| --------------
------------------------------------------------------------------------------------------------


---------------------------------------------------------------------------------------------------
From Clock:  clk
  To Clock:  clk

Setup :           87  Failing Endpoints,  Worst Slack       -7.736ns,  Total Violation     -543.844ns
Hold  :            0  Failing Endpoints,  Worst Slack        0.025ns,  Total Violation        0.000ns
PW    :            0  Failing Endpoints,  Worst Slack        0.468ns,  Total Violation        0.000ns
---------------------------------------------------------------------------------------------------


Max Delay Paths
--------------------------------------------------------------------------------------
Slack (VIOLATED) :        -7.736ns  (required time - arrival time)
  Source:                 p3_diff_reg[7]/C
                            (rising edge-triggered cell FDRE clocked by clk  {rise@0.000ns fall@1.000ns period=2.000ns})
  Destination:            o_data_reg[14]/D
                            (rising edge-triggered cell FDCE clocked by clk  {rise@0.000ns fall@1.000ns period=2.000ns})
  Path Group:             clk
  Path Type:              Setup (Max at Slow Process Corner)
  Requirement:            2.000ns  (clk rise@2.000ns - clk rise@0.000ns)
  Data Path Delay:        9.797ns  (logic 4.719ns (48.168%)  route 5.078ns (51.832%))
  Logic Levels:           44  (CARRY8=2 DSP_A_B_DATA=1 DSP_ALU=1 DSP_M_DATA=1 DSP_MULTIPLIER=1 DSP_OUTPUT=1 DSP_PREADD_DATA=1 LUT2=1 LUT3=3 LUT4=3 LUT5=7 LUT6=22)
  Clock Path Skew:        0.071ns (DCD - SCD + CPR)
    Destination Clock Delay (DCD):    2.581ns = ( 4.581 - 2.000 ) 
    Source Clock Delay      (SCD):    2.881ns
    Clock Pessimism Removal (CPR):    0.371ns
  Clock Uncertainty:      0.035ns  ((TSJ^2 + TIJ^2)^1/2 + DJ) / 2 + PE
    Total System Jitter     (TSJ):    0.071ns
    Total Input Jitter      (TIJ):    0.000ns
    Discrete Jitter          (DJ):    0.000ns
    Phase Error              (PE):    0.000ns
  Clock Net Delay (Source):      1.874ns (routing 0.833ns, distribution 1.041ns)
  Clock Net Delay (Destination): 1.866ns (routing 0.758ns, distribution 1.108ns)

    Location             Delay type                Incr(ns)  Path(ns)    Netlist Resource(s)
  -------------------------------------------------------------------    -------------------
                         (clock clk rise edge)        0.000     0.000 r  
    AY11                                              0.000     0.000 r  clk (IN)
                         net (fo=0)                   0.000     0.000    clk_IBUF_inst/I
    AY11                 INBUF (Prop_INBUF_HPIOB_M_PAD_O)
                                                      0.657     0.657 r  clk_IBUF_inst/INBUF_INST/O
                         net (fo=1, routed)           0.000     0.657    clk_IBUF_inst/OUT
    AY11                 IBUFCTRL (Prop_IBUFCTRL_HPIOB_M_I_O)
                                                      0.000     0.657 r  clk_IBUF_inst/IBUFCTRL_INST/O
                         net (fo=1, routed)           0.323     0.980    clk_IBUF
    BUFGCE_X1Y211        BUFGCE (Prop_BUFCE_BUFGCE_I_O)
                                                      0.028     1.008 r  clk_IBUF_BUFG_inst/O
    X3Y7 (CLOCK_ROOT)    net (fo=507, routed)         1.874     2.881    clk_IBUF_BUFG
    SLICE_X108Y420       FDRE                                         r  p3_diff_reg[7]/C
  -------------------------------------------------------------------    -------------------
    SLICE_X108Y420       FDRE (Prop_DFF_SLICEM_C_Q)
                                                      0.078     2.959 f  p3_diff_reg[7]/Q
                         net (fo=2, routed)           0.319     3.279    u_mul4/product/B[7]
    DSP48E2_X13Y168      DSP_A_B_DATA (Prop_DSP_A_B_DATA_DSP48E2_B[7]_B2_DATA[7])
                                                      0.151     3.430 r  u_mul4/product/DSP_A_B_DATA_INST/B2_DATA[7]
                         net (fo=1, routed)           0.000     3.430    u_mul4/product/DSP_A_B_DATA.B2_DATA<7>
    DSP48E2_X13Y168      DSP_PREADD_DATA (Prop_DSP_PREADD_DATA_DSP48E2_B2_DATA[7]_B2B1[7])
                                                      0.073     3.503 r  u_mul4/product/DSP_PREADD_DATA_INST/B2B1[7]
                         net (fo=1, routed)           0.000     3.503    u_mul4/product/DSP_PREADD_DATA.B2B1<7>
    DSP48E2_X13Y168      DSP_MULTIPLIER (Prop_DSP_MULTIPLIER_DSP48E2_B2B1[7]_V[19])
                                                      0.609     4.112 f  u_mul4/product/DSP_MULTIPLIER_INST/V[19]
                         net (fo=1, routed)           0.000     4.112    u_mul4/product/DSP_MULTIPLIER.V<19>
    DSP48E2_X13Y168      DSP_M_DATA (Prop_DSP_M_DATA_DSP48E2_V[19]_V_DATA[19])
                                                      0.046     4.158 r  u_mul4/product/DSP_M_DATA_INST/V_DATA[19]
                         net (fo=1, routed)           0.000     4.158    u_mul4/product/DSP_M_DATA.V_DATA<19>
    DSP48E2_X13Y168      DSP_ALU (Prop_DSP_ALU_DSP48E2_V_DATA[19]_ALU_OUT[19])
                                                      0.571     4.729 r  u_mul4/product/DSP_ALU_INST/ALU_OUT[19]
                         net (fo=1, routed)           0.000     4.729    u_mul4/product/DSP_ALU.ALU_OUT<19>
    DSP48E2_X13Y168      DSP_OUTPUT (Prop_DSP_OUTPUT_DSP48E2_ALU_OUT[19]_P[19])
                                                      0.109     4.838 f  u_mul4/product/DSP_OUTPUT_INST/P[19]
                         net (fo=5, routed)           0.267     5.104    u_mul4/product__0_0[19]
    SLICE_X107Y423       LUT6 (Prop_E6LUT_SLICEM_I3_O)
                                                      0.148     5.252 f  u_mul4/o_data[15]_i_157/O
                         net (fo=9, routed)           0.099     5.352    u_mul4/o_data[15]_i_157_n_0
    SLICE_X106Y423       LUT6 (Prop_C6LUT_SLICEL_I0_O)
                                                      0.035     5.387 f  u_mul4/o_data[15]_i_181/O
                         net (fo=4, routed)           0.095     5.482    u_mul4/o_data[15]_i_181_n_0
    SLICE_X106Y422       LUT6 (Prop_D6LUT_SLICEL_I3_O)
                                                      0.036     5.518 r  u_mul4/o_data[15]_i_154/O
                         net (fo=17, routed)          0.168     5.686    u_mul4/o_data[15]_i_154_n_0
    SLICE_X107Y421       LUT5 (Prop_B6LUT_SLICEM_I1_O)
                                                      0.125     5.811 r  u_mul4/o_data[15]_i_132/O
                         net (fo=9, routed)           0.096     5.907    u_mul4/o_data[15]_i_132_n_0
    SLICE_X107Y422       LUT6 (Prop_D6LUT_SLICEM_I0_O)
                                                      0.051     5.958 r  u_mul4/o_data[15]_i_98/O
                         net (fo=30, routed)          0.281     6.239    u_mul4/o_data[15]_i_98_n_0
    SLICE_X108Y418       LUT6 (Prop_H6LUT_SLICEM_I4_O)
                                                      0.152     6.391 r  u_mul4/o_data[15]_i_52/O
                         net (fo=4, routed)           0.069     6.460    u_mul4/o_data[15]_i_52_n_0
    SLICE_X108Y418       LUT6 (Prop_B6LUT_SLICEM_I0_O)
                                                      0.149     6.609 r  u_mul4/o_data[15]_i_58/O
                         net (fo=6, routed)           0.100     6.709    u_mul4/o_data[15]_i_58_n_0
    SLICE_X108Y418       LUT6 (Prop_D6LUT_SLICEM_I1_O)
                                                      0.088     6.797 r  u_mul4/o_data[15]_i_80/O
                         net (fo=8, routed)           0.186     6.983    u_mul4/o_data[15]_i_80_n_0
    SLICE_X109Y419       LUT3 (Prop_G6LUT_SLICEL_I0_O)
                                                      0.035     7.018 r  u_mul4/o_data[15]_i_82/O
                         net (fo=6, routed)           0.053     7.071    u_mul4/o_data[15]_i_82_n_0
    SLICE_X109Y419       LUT5 (Prop_H6LUT_SLICEL_I3_O)
                                                      0.099     7.170 f  u_mul4/o_data[15]_i_72/O
                         net (fo=11, routed)          0.100     7.270    u_mul4/o_data[15]_i_72_n_0
    SLICE_X109Y418       LUT6 (Prop_H6LUT_SLICEL_I5_O)
                                                      0.036     7.306 r  u_mul4/o_data[15]_i_30/O
                         net (fo=31, routed)          0.140     7.446    u_mul4/mul4_isZero
    SLICE_X109Y417       LUT6 (Prop_E6LUT_SLICEL_I2_O)
                                                      0.147     7.593 r  u_mul4/o_data[15]_i_27/O
                         net (fo=2, routed)           0.042     7.635    u_mul4/o_data[15]_i_27_n_0
    SLICE_X109Y417       LUT2 (Prop_C6LUT_SLICEL_I0_O)
                                                      0.035     7.670 r  u_mul4/o_data[15]_i_10/O
                         net (fo=5, routed)           0.105     7.775    u_mul4/o_data[15]_i_10_n_0
    SLICE_X110Y417       LUT6 (Prop_D6LUT_SLICEM_I0_O)
                                                      0.037     7.812 r  u_mul4/o_data[10]_i_21/O
                         net (fo=1, routed)           0.163     7.975    u_mul4/o_data[10]_i_21_n_0
    SLICE_X111Y417       CARRY8 (Prop_CARRY8_SLICEL_DI[5]_CO[5])
                                                      0.069     8.044 r  u_mul4/o_data_reg[10]_i_18/CO[5]
                         net (fo=3, routed)           0.138     8.182    u_mul4/u_add4/a_mant_larger
    SLICE_X111Y416       LUT3 (Prop_D6LUT_SLICEL_I0_O)
                                                      0.036     8.218 r  u_mul4/o_data[10]_i_13/O
                         net (fo=1, routed)           0.038     8.256    u_mul4/o_data[10]_i_13_n_0
    SLICE_X111Y416       LUT6 (Prop_F6LUT_SLICEL_I4_O)
                                                      0.035     8.291 r  u_mul4/o_data[10]_i_6/O
                         net (fo=58, routed)          0.116     8.407    u_mul4/o_data[10]_i_6_n_0
    SLICE_X110Y416       LUT5 (Prop_E6LUT_SLICEM_I4_O)
                                                      0.037     8.444 r  u_mul4/o_data[15]_i_140/O
                         net (fo=2, routed)           0.114     8.558    u_mul4/o_data[15]_i_140_n_0
    SLICE_X109Y416       LUT6 (Prop_H6LUT_SLICEL_I2_O)
                                                      0.150     8.708 f  u_mul4/o_data[15]_i_142/O
                         net (fo=26, routed)          0.116     8.823    u_mul4/o_data[15]_i_142_n_0
    SLICE_X110Y416       LUT6 (Prop_G6LUT_SLICEM_I5_O)
                                                      0.052     8.875 r  u_mul4/o_data[6]_i_29/O
                         net (fo=2, routed)           0.237     9.113    u_mul4/o_data[6]_i_29_n_0
    SLICE_X110Y413       LUT5 (Prop_F6LUT_SLICEM_I0_O)
                                                      0.037     9.150 r  u_mul4/o_data[6]_i_41/O
                         net (fo=1, routed)           0.144     9.294    u_mul4/o_data[6]_i_41_n_0
    SLICE_X108Y414       LUT4 (Prop_B6LUT_SLICEM_I1_O)
                                                      0.089     9.383 r  u_mul4/o_data[6]_i_24/O
                         net (fo=1, routed)           0.016     9.399    u_mul4/o_data[6]_i_24_n_0
    SLICE_X108Y414       CARRY8 (Prop_CARRY8_SLICEM_S[1]_O[5])
                                                      0.237     9.636 r  u_mul4/o_data_reg[6]_i_11/O[5]
                         net (fo=5, routed)           0.180     9.815    u_mul4/u_add4/sum[5]
    SLICE_X108Y413       LUT6 (Prop_F6LUT_SLICEM_I0_O)
                                                      0.051     9.866 r  u_mul4/o_data[6]_i_12/O
                         net (fo=7, routed)           0.104     9.970    u_mul4/o_data[6]_i_12_n_0
    SLICE_X108Y412       LUT3 (Prop_C6LUT_SLICEM_I1_O)
                                                      0.123    10.093 r  u_mul4/o_data[15]_i_19/O
                         net (fo=5, routed)           0.123    10.217    u_mul4/o_data[15]_i_19_n_0
    SLICE_X109Y412       LUT6 (Prop_G6LUT_SLICEL_I2_O)
                                                      0.149    10.366 f  u_mul4/o_data[14]_i_18/O
                         net (fo=3, routed)           0.050    10.416    u_mul4/o_data[14]_i_18_n_0
    SLICE_X109Y412       LUT5 (Prop_F6LUT_SLICEL_I4_O)
                                                      0.097    10.513 r  u_mul4/o_data[14]_i_12/O
                         net (fo=8, routed)           0.108    10.621    u_mul4/o_data[14]_i_12_n_0
    SLICE_X108Y412       LUT6 (Prop_H6LUT_SLICEM_I3_O)
                                                      0.039    10.660 f  u_mul4/o_data[1]_i_8/O
                         net (fo=10, routed)          0.058    10.718    u_mul4/o_data[1]_i_8_n_0
    SLICE_X108Y412       LUT5 (Prop_G6LUT_SLICEM_I0_O)
                                                      0.037    10.755 f  u_mul4/o_data[13]_i_12/O
                         net (fo=7, routed)           0.104    10.859    u_mul4/o_data[13]_i_12_n_0
    SLICE_X108Y410       LUT4 (Prop_F6LUT_SLICEM_I2_O)
                                                      0.051    10.910 f  u_mul4/o_data[7]_i_6/O
                         net (fo=15, routed)          0.108    11.018    u_mul4/o_data[7]_i_6_n_0
    SLICE_X108Y409       LUT6 (Prop_G6LUT_SLICEM_I0_O)
                                                      0.052    11.070 f  u_mul4/o_data[9]_i_11/O
                         net (fo=1, routed)           0.253    11.323    u_mul4/o_data[9]_i_11_n_0
    SLICE_X109Y409       LUT6 (Prop_B6LUT_SLICEL_I2_O)
                                                      0.098    11.421 f  u_mul4/o_data[9]_i_7/O
                         net (fo=2, routed)           0.086    11.508    u_mul4/o_data[9]_i_7_n_0
    SLICE_X109Y410       LUT4 (Prop_C6LUT_SLICEL_I2_O)
                                                      0.050    11.558 r  u_mul4/o_data[9]_i_4/O
                         net (fo=2, routed)           0.117    11.675    u_mul4/o_data[9]_i_4_n_0
    SLICE_X110Y410       LUT6 (Prop_G6LUT_SLICEM_I0_O)
                                                      0.150    11.825 r  u_mul4/o_data[13]_i_4/O
                         net (fo=8, routed)           0.104    11.928    u_mul4/o_data[13]_i_4_n_0
    SLICE_X110Y411       LUT6 (Prop_E6LUT_SLICEM_I5_O)
                                                      0.037    11.965 r  u_mul4/o_data[0]_i_4/O
                         net (fo=2, routed)           0.200    12.166    u_mul4/o_data[0]_i_4_n_0
    SLICE_X111Y409       LUT6 (Prop_E6LUT_SLICEL_I0_O)
                                                      0.035    12.201 f  u_mul4/o_data[14]_i_6/O
                         net (fo=2, routed)           0.139    12.340    u_mul4/o_data[14]_i_6_n_0
    SLICE_X110Y411       LUT6 (Prop_B6LUT_SLICEM_I4_O)
                                                      0.100    12.440 f  u_mul4/o_data[14]_i_3/O
                         net (fo=2, routed)           0.091    12.531    u_mul4/o_data[14]_i_3_n_0
    SLICE_X111Y411       LUT5 (Prop_B6LUT_SLICEL_I3_O)
                                                      0.098    12.629 r  u_mul4/o_data[14]_i_1/O
                         net (fo=1, routed)           0.049    12.678    u_mul4_n_1
    SLICE_X111Y411       FDCE                                         r  o_data_reg[14]/D
  -------------------------------------------------------------------    -------------------

                         (clock clk rise edge)        2.000     2.000 r  
    AY11                                              0.000     2.000 r  clk (IN)
                         net (fo=0)                   0.000     2.000    clk_IBUF_inst/I
    AY11                 INBUF (Prop_INBUF_HPIOB_M_PAD_O)
                                                      0.405     2.405 r  clk_IBUF_inst/INBUF_INST/O
                         net (fo=1, routed)           0.000     2.405    clk_IBUF_inst/OUT
    AY11                 IBUFCTRL (Prop_IBUFCTRL_HPIOB_M_I_O)
                                                      0.000     2.405 r  clk_IBUF_inst/IBUFCTRL_INST/O
                         net (fo=1, routed)           0.286     2.691    clk_IBUF
    BUFGCE_X1Y211        BUFGCE (Prop_BUFCE_BUFGCE_I_O)
                                                      0.024     2.715 r  clk_IBUF_BUFG_inst/O
    X3Y7 (CLOCK_ROOT)    net (fo=507, routed)         1.866     4.581    clk_IBUF_BUFG
    SLICE_X111Y411       FDCE                                         r  o_data_reg[14]/C
                         clock pessimism              0.371     4.953    
                         clock uncertainty           -0.035     4.917    
    SLICE_X111Y411       FDCE (Setup_BFF_SLICEL_C_D)
                                                      0.025     4.942    o_data_reg[14]
  -------------------------------------------------------------------
                         required time                          4.942    
                         arrival time                         -12.678    
  -------------------------------------------------------------------
                         slack                                 -7.736    





Min Delay Paths
--------------------------------------------------------------------------------------
Slack (MET) :             0.025ns  (arrival time - required time)
  Source:                 p3_valid_reg/C
                            (rising edge-triggered cell FDCE clocked by clk  {rise@0.000ns fall@1.000ns period=2.000ns})
  Destination:            o_data_reg[5]/D
                            (rising edge-triggered cell FDCE clocked by clk  {rise@0.000ns fall@1.000ns period=2.000ns})
  Path Group:             clk
  Path Type:              Hold (Min at Slow Process Corner)
  Requirement:            0.000ns  (clk rise@0.000ns - clk rise@0.000ns)
  Data Path Delay:        0.343ns  (logic 0.140ns (40.874%)  route 0.203ns (59.126%))
  Logic Levels:           1  (LUT5=1)
  Clock Path Skew:        -0.133ns (DCD - SCD - CPR)
    Destination Clock Delay (DCD):    2.869ns
    Source Clock Delay      (SCD):    2.583ns
    Clock Pessimism Removal (CPR):    0.419ns
  Clock Net Delay (Source):      1.868ns (routing 0.758ns, distribution 1.110ns)
  Clock Net Delay (Destination): 1.861ns (routing 0.833ns, distribution 1.028ns)

    Location             Delay type                Incr(ns)  Path(ns)    Netlist Resource(s)
  -------------------------------------------------------------------    -------------------
                         (clock clk rise edge)        0.000     0.000 r  
    AY11                                              0.000     0.000 r  clk (IN)
                         net (fo=0)                   0.000     0.000    clk_IBUF_inst/I
    AY11                 INBUF (Prop_INBUF_HPIOB_M_PAD_O)
                                                      0.405     0.405 r  clk_IBUF_inst/INBUF_INST/O
                         net (fo=1, routed)           0.000     0.405    clk_IBUF_inst/OUT
    AY11                 IBUFCTRL (Prop_IBUFCTRL_HPIOB_M_I_O)
                                                      0.000     0.405 r  clk_IBUF_inst/IBUFCTRL_INST/O
                         net (fo=1, routed)           0.286     0.691    clk_IBUF
    BUFGCE_X1Y211        BUFGCE (Prop_BUFCE_BUFGCE_I_O)
                                                      0.024     0.715 r  clk_IBUF_BUFG_inst/O
    X3Y7 (CLOCK_ROOT)    net (fo=507, routed)         1.868     2.583    clk_IBUF_BUFG
    SLICE_X111Y411       FDCE                                         r  p3_valid_reg/C
  -------------------------------------------------------------------    -------------------
    SLICE_X111Y411       FDCE (Prop_FFF_SLICEL_C_Q)
                                                      0.058     2.641 r  p3_valid_reg/Q
                         net (fo=17, routed)          0.173     2.814    u_mul4/p3_valid
    SLICE_X110Y408       LUT5 (Prop_G6LUT_SLICEM_I0_O)
                                                      0.082     2.896 r  u_mul4/o_data[5]_i_1/O
                         net (fo=1, routed)           0.030     2.926    u_mul4_n_10
    SLICE_X110Y408       FDCE                                         r  o_data_reg[5]/D
  -------------------------------------------------------------------    -------------------

                         (clock clk rise edge)        0.000     0.000 r  
    AY11                                              0.000     0.000 r  clk (IN)
                         net (fo=0)                   0.000     0.000    clk_IBUF_inst/I
    AY11                 INBUF (Prop_INBUF_HPIOB_M_PAD_O)
                                                      0.657     0.657 r  clk_IBUF_inst/INBUF_INST/O
                         net (fo=1, routed)           0.000     0.657    clk_IBUF_inst/OUT
    AY11                 IBUFCTRL (Prop_IBUFCTRL_HPIOB_M_I_O)
                                                      0.000     0.657 r  clk_IBUF_inst/IBUFCTRL_INST/O
                         net (fo=1, routed)           0.323     0.980    clk_IBUF
    BUFGCE_X1Y211        BUFGCE (Prop_BUFCE_BUFGCE_I_O)
                                                      0.028     1.008 r  clk_IBUF_BUFG_inst/O
    X3Y7 (CLOCK_ROOT)    net (fo=507, routed)         1.861     2.869    clk_IBUF_BUFG
    SLICE_X110Y408       FDCE                                         r  o_data_reg[5]/C
                         clock pessimism             -0.419     2.450    
    SLICE_X110Y408       FDCE (Hold_GFF_SLICEM_C_D)
                                                      0.451     2.901    o_data_reg[5]
  -------------------------------------------------------------------
                         required time                         -2.901    
                         arrival time                           2.926    
  -------------------------------------------------------------------
                         slack                                  0.025    





Pulse Width Checks
--------------------------------------------------------------------------------------
Clock Name:         clk
Waveform(ns):       { 0.000 1.000 }
Period(ns):         2.000
Sources:            { clk }

Check Type        Corner  Lib Pin      Reference Pin  Required(ns)  Actual(ns)  Slack(ns)  Location        Pin
Min Period        n/a     BUFGCE/I     n/a            1.290         2.000       0.710      BUFGCE_X1Y211   clk_IBUF_BUFG_inst/I
Low Pulse Width   Slow    RAMD64E/CLK  n/a            0.532         1.000       0.468      SLICE_X104Y448  lut_reg_reg_r1_0_63_0_6/RAMA/CLK
High Pulse Width  Slow    RAMD64E/CLK  n/a            0.532         1.000       0.468      SLICE_X104Y448  lut_reg_reg_r1_0_63_0_6/RAMA/CLK



