Copyright 1986-2022 Xilinx, Inc. All Rights Reserved. Copyright 2022-2024 Advanced Micro Devices, Inc. All Rights Reserved.
--------------------------------------------------------------------------------------------------------------------------------------------------
| Tool Version      : Vivado v.2024.2 (lin64) Build 5239630 Fri Nov 08 22:34:34 MST 2024
| Date              : Thu Jun 11 14:38:20 2026
| Host         : (anonymized)
| Command           : report_timing_summary -max_paths 1 -file <RUN_DIR>/xda_dsp_run/out/nnlut16_nodsp/timing.rpt
| Design            : nn_lut_engine
| Device            : xcu200-fsgd2104
| Speed File        : -2  PRODUCTION 1.28 03-30-2022
| Design State      : Routed
| Temperature Grade : E
--------------------------------------------------------------------------------------------------------------------------------------------------

Timing Summary Report

------------------------------------------------------------------------------------------------
| Timer Settings
| --------------
------------------------------------------------------------------------------------------------

  Enable Multi Corner Analysis               :  Yes
  Enable Pessimism Removal                   :  Yes
  Pessimism Removal Resolution               :  Nearest Common Node
  Enable Input Delay Default Clock           :  No
  Enable Preset / Clear Arcs                 :  No
  Disable Flight Delays                      :  No
  Ignore I/O Paths                           :  No
  Timing Early Launch at Borrowing Latches   :  No
  Borrow Time for Max Delay Exceptions       :  Yes
  Merge Timing Exceptions                    :  Yes
  Inter-SLR Compensation                     :  Conservative

  Corner  Analyze    Analyze    
  Name    Max Paths  Min Paths  
  ------  ---------  ---------  
  Slow    Yes        Yes        
  Fast    Yes        Yes        


------------------------------------------------------------------------------------------------
| Report Methodology
| ------------------
------------------------------------------------------------------------------------------------

No report available as report_methodology has not been run prior. Run report_methodology on the current design for the summary of methodology violations.



check_timing report

Table of Contents
-----------------
1. checking no_clock (0)
2. checking constant_clock (0)
3. checking pulse_width_clock (0)
4. checking unconstrained_internal_endpoints (0)
5. checking no_input_delay (41)
6. checking no_output_delay (17)
7. checking multiple_clock (0)
8. checking generated_clocks (0)
9. checking loops (0)
10. checking partial_input_delay (0)
11. checking partial_output_delay (0)
12. checking latch_loops (0)

1. checking no_clock (0)
------------------------
 There are 0 register/latch pins with no clock.


2. checking constant_clock (0)
------------------------------
 There are 0 register/latch pins with constant_clock.


3. checking pulse_width_clock (0)
---------------------------------
 There are 0 register/latch pins which need pulse_width check


4. checking unconstrained_internal_endpoints (0)
------------------------------------------------
 There are 0 pins that are not constrained for maximum delay.

 There are 0 pins that are not constrained for maximum delay due to constant clock.


5. checking no_input_delay (41)
-------------------------------
 There are 41 input ports with no input delay specified. (HIGH)

 There are 0 input ports with no input delay but user has a false path constraint.


6. checking no_output_delay (17)
--------------------------------
 There are 17 ports with no output delay specified. (HIGH)

 There are 0 ports with no output delay but user has a false path constraint

 There are 0 ports with no output delay but with a timing clock defined on it or propagating through it


7. checking multiple_clock (0)
------------------------------
 There are 0 register/latch pins with multiple clocks.


8. checking generated_clocks (0)
--------------------------------
 There are 0 generated clocks that are not connected to a clock source.


9. checking loops (0)
---------------------
 There are 0 combinational loops in the design.


10. checking partial_input_delay (0)
------------------------------------
 There are 0 input ports with partial input delay specified.


11. checking partial_output_delay (0)
-------------------------------------
 There are 0 ports with partial output delay specified.


12. checking latch_loops (0)
----------------------------
 There are 0 combinational latch loops in the design through latch input



------------------------------------------------------------------------------------------------
| Design Timing Summary
| ---------------------
------------------------------------------------------------------------------------------------

    WNS(ns)      TNS(ns)  TNS Failing Endpoints  TNS Total Endpoints      WHS(ns)      THS(ns)  THS Failing Endpoints  THS Total Endpoints     WPWS(ns)     TPWS(ns)  TPWS Failing Endpoints  TPWS Total Endpoints  
    -------      -------  ---------------------  -------------------      -------      -------  ---------------------  -------------------     --------     --------  ----------------------  --------------------  
     -8.206     -173.573                     48                   49        0.025        0.000                      0                   49        0.468        0.000                       0                   347  


Timing constraints are not met.


------------------------------------------------------------------------------------------------
| Clock Summary
| -------------
------------------------------------------------------------------------------------------------

Clock  Waveform(ns)         Period(ns)      Frequency(MHz)
-----  ------------         ----------      --------------
clk    {0.000 1.000}        2.000           500.000         


------------------------------------------------------------------------------------------------
| Intra Clock Table
| -----------------
------------------------------------------------------------------------------------------------

Clock             WNS(ns)      TNS(ns)  TNS Failing Endpoints  TNS Total Endpoints      WHS(ns)      THS(ns)  THS Failing Endpoints  THS Total Endpoints     WPWS(ns)     TPWS(ns)  TPWS Failing Endpoints  TPWS Total Endpoints  
-----             -------      -------  ---------------------  -------------------      -------      -------  ---------------------  -------------------     --------     --------  ----------------------  --------------------  
clk                -8.206     -173.573                     48                   49        0.025        0.000                      0                   49        0.468        0.000                       0                   347  


------------------------------------------------------------------------------------------------
| Inter Clock Table
| -----------------
------------------------------------------------------------------------------------------------

From Clock    To Clock          WNS(ns)      TNS(ns)  TNS Failing Endpoints  TNS Total Endpoints      WHS(ns)      THS(ns)  THS Failing Endpoints  THS Total Endpoints  
----------    --------          -------      -------  ---------------------  -------------------      -------      -------  ---------------------  -------------------  


------------------------------------------------------------------------------------------------
| Other Path Groups Table
| -----------------------
------------------------------------------------------------------------------------------------

Path Group    From Clock    To Clock          WNS(ns)      TNS(ns)  TNS Failing Endpoints  TNS Total Endpoints      WHS(ns)      THS(ns)  THS Failing Endpoints  THS Total Endpoints  
----------    ----------    --------          -------      -------  ---------------------  -------------------      -------      -------  ---------------------  -------------------  


------------------------------------------------------------------------------------------------
| Timing Details
| --------------
------------------------------------------------------------------------------------------------


---------------------------------------------------------------------------------------------------
From Clock:  clk
  To Clock:  clk

Setup :           48  Failing Endpoints,  Worst Slack       -8.206ns,  Total Violation     -173.573ns
Hold  :            0  Failing Endpoints,  Worst Slack        0.025ns,  Total Violation        0.000ns
PW    :            0  Failing Endpoints,  Worst Slack        0.468ns,  Total Violation        0.000ns
---------------------------------------------------------------------------------------------------


Max Delay Paths
--------------------------------------------------------------------------------------
Slack (VIOLATED) :        -8.206ns  (required time - arrival time)
  Source:                 p1_slope_reg[6]/C
                            (rising edge-triggered cell FDRE clocked by clk  {rise@0.000ns fall@1.000ns period=2.000ns})
  Destination:            o_data_reg[4]/D
                            (rising edge-triggered cell FDCE clocked by clk  {rise@0.000ns fall@1.000ns period=2.000ns})
  Path Group:             clk
  Path Type:              Setup (Max at Slow Process Corner)
  Requirement:            2.000ns  (clk rise@2.000ns - clk rise@0.000ns)
  Data Path Delay:        10.215ns  (logic 4.291ns (42.008%)  route 5.924ns (57.992%))
  Logic Levels:           44  (CARRY8=7 LUT2=2 LUT3=2 LUT4=2 LUT5=10 LUT6=21)
  Clock Path Skew:        0.019ns (DCD - SCD + CPR)
    Destination Clock Delay (DCD):    1.931ns = ( 3.931 - 2.000 ) 
    Source Clock Delay      (SCD):    2.220ns
    Clock Pessimism Removal (CPR):    0.308ns
  Clock Uncertainty:      0.035ns  ((TSJ^2 + TIJ^2)^1/2 + DJ) / 2 + PE
    Total System Jitter     (TSJ):    0.071ns
    Total Input Jitter      (TIJ):    0.000ns
    Discrete Jitter          (DJ):    0.000ns
    Phase Error              (PE):    0.000ns
  Clock Net Delay (Source):      1.213ns (routing 0.171ns, distribution 1.042ns)
  Clock Net Delay (Destination): 1.216ns (routing 0.155ns, distribution 1.061ns)

    Location             Delay type                Incr(ns)  Path(ns)    Netlist Resource(s)
  -------------------------------------------------------------------    -------------------
                         (clock clk rise edge)        0.000     0.000 r  
    AY11                                              0.000     0.000 r  clk (IN)
                         net (fo=0)                   0.000     0.000    clk_IBUF_inst/I
    AY11                 INBUF (Prop_INBUF_HPIOB_M_PAD_O)
                                                      0.657     0.657 r  clk_IBUF_inst/INBUF_INST/O
                         net (fo=1, routed)           0.000     0.657    clk_IBUF_inst/OUT
    AY11                 IBUFCTRL (Prop_IBUFCTRL_HPIOB_M_I_O)
                                                      0.000     0.657 r  clk_IBUF_inst/IBUFCTRL_INST/O
                         net (fo=1, routed)           0.323     0.980    clk_IBUF
    BUFGCE_X1Y192        BUFGCE (Prop_BUFCE_BUFGCE_I_O)
                                                      0.028     1.008 r  clk_IBUF_BUFG_inst/O
    X4Y8 (CLOCK_ROOT)    net (fo=346, routed)         1.213     2.220    clk_IBUF_BUFG
    SLICE_X117Y481       FDRE                                         r  p1_slope_reg[6]/C
  -------------------------------------------------------------------    -------------------
    SLICE_X117Y481       FDRE (Prop_DFF2_SLICEM_C_Q)
                                                      0.080     2.300 r  p1_slope_reg[6]/Q
                         net (fo=23, routed)          0.276     2.577    u_mul/Q[6]
    SLICE_X118Y480       LUT2 (Prop_F5LUT_SLICEL_I0_O)
                                                      0.074     2.651 r  u_mul/product__11_i_16/O
                         net (fo=1, routed)           0.141     2.792    u_mul/product__11_i_16_n_0
    SLICE_X118Y478       LUT6 (Prop_H6LUT_SLICEL_I1_O)
                                                      0.150     2.942 r  u_mul/product__11_i_8/O
                         net (fo=1, routed)           0.010     2.952    u_mul/product__11_i_8_n_0
    SLICE_X118Y478       CARRY8 (Prop_CARRY8_SLICEL_S[7]_CO[7])
                                                      0.115     3.067 r  u_mul/product__11/CO[7]
                         net (fo=1, routed)           0.026     3.093    u_mul/product__11_n_0
    SLICE_X118Y479       CARRY8 (Prop_CARRY8_SLICEL_CI_O[5])
                                                      0.116     3.209 r  u_mul/product__12/O[5]
                         net (fo=2, routed)           0.199     3.408    u_mul/product__12_n_10
    SLICE_X118Y477       LUT5 (Prop_G6LUT_SLICEL_I0_O)
                                                      0.035     3.443 r  u_mul/product__21_i_2/O
                         net (fo=2, routed)           0.140     3.583    u_mul/product__21_i_2_n_0
    SLICE_X117Y479       LUT5 (Prop_G6LUT_SLICEM_I0_O)
                                                      0.100     3.683 r  u_mul/product__21_i_8/O
                         net (fo=1, routed)           0.016     3.699    u_mul/product__21_i_8_n_0
    SLICE_X117Y479       CARRY8 (Prop_CARRY8_SLICEM_S[6]_CO[7])
                                                      0.117     3.816 r  u_mul/product__21/CO[7]
                         net (fo=1, routed)           0.026     3.842    u_mul/product__21_n_0
    SLICE_X117Y480       CARRY8 (Prop_CARRY8_SLICEM_CI_O[0])
                                                      0.056     3.898 r  u_mul/product__22/O[0]
                         net (fo=3, routed)           0.279     4.177    u_mul/product__22_n_15
    SLICE_X116Y479       LUT5 (Prop_B6LUT_SLICEM_I2_O)
                                                      0.100     4.277 r  u_mul/product__25_i_10/O
                         net (fo=1, routed)           0.016     4.293    u_mul/product__25_i_10_n_0
    SLICE_X116Y479       CARRY8 (Prop_CARRY8_SLICEM_S[1]_O[5])
                                                      0.237     4.530 f  u_mul/product__25/O[5]
                         net (fo=4, routed)           0.395     4.925    u_mul/product__1[21]
    SLICE_X117Y477       LUT2 (Prop_E6LUT_SLICEM_I1_O)
                                                      0.052     4.977 f  u_mul/a_mant_larger_carry_i_139/O
                         net (fo=1, routed)           0.088     5.065    u_mul/a_mant_larger_carry_i_139_n_0
    SLICE_X117Y476       LUT6 (Prop_D6LUT_SLICEM_I2_O)
                                                      0.088     5.153 f  u_mul/a_mant_larger_carry_i_118/O
                         net (fo=1, routed)           0.139     5.292    u_mul/a_mant_larger_carry_i_118_n_0
    SLICE_X116Y476       LUT6 (Prop_G6LUT_SLICEM_I1_O)
                                                      0.090     5.382 r  u_mul/a_mant_larger_carry_i_67/O
                         net (fo=24, routed)          0.310     5.692    u_mul/a_mant_larger_carry_i_67_n_0
    SLICE_X113Y477       LUT6 (Prop_H6LUT_SLICEM_I2_O)
                                                      0.125     5.817 r  u_mul/a_mant_larger_carry_i_38/O
                         net (fo=4, routed)           0.049     5.866    u_mul/a_mant_larger_carry_i_38_n_0
    SLICE_X113Y477       LUT3 (Prop_F6LUT_SLICEM_I0_O)
                                                      0.088     5.954 r  u_mul/a_mant_larger_carry_i_63/O
                         net (fo=2, routed)           0.111     6.065    u_mul/a_mant_larger_carry_i_63_n_0
    SLICE_X113Y476       LUT6 (Prop_B6LUT_SLICEM_I0_O)
                                                      0.149     6.214 r  u_mul/a_mant_larger_carry_i_29/O
                         net (fo=12, routed)          0.202     6.415    u_mul/a_mant_larger_carry_i_29_n_0
    SLICE_X112Y477       LUT5 (Prop_F6LUT_SLICEL_I4_O)
                                                      0.035     6.450 r  u_mul/o_data[12]_i_25/O
                         net (fo=12, routed)          0.109     6.560    u_mul/o_data[12]_i_25_n_0
    SLICE_X113Y477       LUT6 (Prop_G6LUT_SLICEM_I5_O)
                                                      0.090     6.650 f  u_mul/a_mant_larger_carry_i_26/O
                         net (fo=2, routed)           0.135     6.785    u_mul/a_mant_larger_carry_i_26_n_0
    SLICE_X114Y476       LUT6 (Prop_H6LUT_SLICEL_I2_O)
                                                      0.090     6.875 r  u_mul/sum_negative0_carry_i_29/O
                         net (fo=13, routed)          0.262     7.137    u_mul/sum_negative0_carry_i_29_n_0
    SLICE_X115Y475       LUT6 (Prop_D6LUT_SLICEL_I3_O)
                                                      0.089     7.226 r  u_mul/a_mant_larger_carry_i_20/O
                         net (fo=7, routed)           0.097     7.323    u_mul/a_mant_larger_carry_i_20_n_0
    SLICE_X116Y475       LUT4 (Prop_B6LUT_SLICEM_I1_O)
                                                      0.089     7.412 r  u_mul/a_mant_larger_carry_i_11/O
                         net (fo=1, routed)           0.016     7.428    u_add/S[1]
    SLICE_X116Y475       CARRY8 (Prop_CARRY8_SLICEM_S[1]_CO[5])
                                                      0.199     7.627 r  u_add/a_mant_larger_carry/CO[5]
                         net (fo=3, routed)           0.235     7.861    u_mul/CO[0]
    SLICE_X117Y475       LUT3 (Prop_F6LUT_SLICEM_I2_O)
                                                      0.051     7.912 f  u_mul/o_data[14]_i_21/O
                         net (fo=1, routed)           0.042     7.954    u_mul/o_data[14]_i_21_n_0
    SLICE_X117Y475       LUT6 (Prop_H6LUT_SLICEM_I1_O)
                                                      0.039     7.993 r  u_mul/o_data[14]_i_14/O
                         net (fo=5, routed)           0.056     8.050    u_mul/o_data[14]_i_14_n_0
    SLICE_X117Y475       LUT6 (Prop_G6LUT_SLICEM_I1_O)
                                                      0.037     8.087 r  u_mul/sum_negative0_carry_i_53/O
                         net (fo=8, routed)           0.115     8.201    u_mul/sum_negative0_carry_i_53_n_0
    SLICE_X117Y473       LUT6 (Prop_E6LUT_SLICEM_I5_O)
                                                      0.091     8.292 f  u_mul/sum_negative0_carry_i_16/O
                         net (fo=29, routed)          0.347     8.639    u_mul/sum_negative0_carry_i_16_n_0
    SLICE_X114Y474       LUT6 (Prop_B6LUT_SLICEL_I4_O)
                                                      0.036     8.675 r  u_mul/sum_negative0_carry_i_89/O
                         net (fo=1, routed)           0.093     8.768    u_mul/sum_negative0_carry_i_89_n_0
    SLICE_X114Y473       LUT5 (Prop_B6LUT_SLICEL_I3_O)
                                                      0.124     8.892 r  u_mul/sum_negative0_carry_i_46/O
                         net (fo=1, routed)           0.132     9.024    u_mul/sum_negative0_carry_i_46_n_0
    SLICE_X115Y473       LUT5 (Prop_A6LUT_SLICEL_I1_O)
                                                      0.098     9.122 r  u_mul/sum_negative0_carry_i_14/O
                         net (fo=1, routed)           0.009     9.131    u_add/o_data[2]_i_9_0[0]
    SLICE_X115Y473       CARRY8 (Prop_CARRY8_SLICEL_S[0]_O[3])
                                                      0.138     9.269 r  u_add/sum_negative0_carry/O[3]
                         net (fo=8, routed)           0.196     9.466    u_add/sum[3]
    SLICE_X115Y471       LUT6 (Prop_F6LUT_SLICEL_I1_O)
                                                      0.148     9.614 r  u_add/o_data[14]_i_15/O
                         net (fo=17, routed)          0.170     9.783    u_add/sum_negative0_carry_5
    SLICE_X115Y471       LUT4 (Prop_E5LUT_SLICEL_I2_O)
                                                      0.114     9.897 r  u_add/o_data[14]_i_22/O
                         net (fo=1, routed)           0.108    10.005    u_mul/o_data[12]_i_10
    SLICE_X115Y470       LUT5 (Prop_F6LUT_SLICEL_I2_O)
                                                      0.089    10.094 f  u_mul/o_data[14]_i_16/O
                         net (fo=4, routed)           0.051    10.145    u_mul/sum_negative0_carry__0_0
    SLICE_X115Y470       LUT6 (Prop_H6LUT_SLICEL_I5_O)
                                                      0.051    10.196 r  u_mul/o_data[9]_i_19/O
                         net (fo=10, routed)          0.230    10.426    u_add/o_data[9]_i_11
    SLICE_X114Y472       LUT6 (Prop_B6LUT_SLICEL_I3_O)
                                                      0.090    10.516 r  u_add/o_data[9]_i_18/O
                         net (fo=2, routed)           0.112    10.628    u_mul/o_data[5]_i_5
    SLICE_X114Y470       LUT6 (Prop_D6LUT_SLICEL_I5_O)
                                                      0.146    10.774 r  u_mul/o_data[9]_i_11/O
                         net (fo=11, routed)          0.155    10.930    u_add/o_data[5]_i_2_0
    SLICE_X114Y471       LUT6 (Prop_C6LUT_SLICEL_I2_O)
                                                      0.050    10.980 f  u_add/o_data[5]_i_5/O
                         net (fo=2, routed)           0.103    11.083    u_add/o_data[5]_i_5_n_0
    SLICE_X114Y469       LUT5 (Prop_F6LUT_SLICEL_I2_O)
                                                      0.123    11.206 f  u_add/o_data[4]_i_2/O
                         net (fo=3, routed)           0.156    11.362    u_add/o_data[4]_i_5_0
    SLICE_X113Y470       LUT6 (Prop_E6LUT_SLICEM_I5_O)
                                                      0.148    11.510 r  u_add/o_data[7]_i_3/O
                         net (fo=5, routed)           0.101    11.611    u_mul/o_data_reg[6]
    SLICE_X113Y470       LUT5 (Prop_C6LUT_SLICEM_I2_O)
                                                      0.051    11.662 f  u_mul/o_data[14]_i_9/O
                         net (fo=9, routed)           0.110    11.772    u_mul/o_data[14]_i_9_n_0
    SLICE_X112Y470       LUT6 (Prop_C6LUT_SLICEL_I0_O)
                                                      0.035    11.807 r  u_mul/o_data[14]_i_10/O
                         net (fo=3, routed)           0.100    11.907    u_mul/o_data[14]_i_10_n_0
    SLICE_X112Y472       LUT6 (Prop_A6LUT_SLICEL_I5_O)
                                                      0.090    11.997 f  u_mul/o_data[14]_i_12/O
                         net (fo=1, routed)           0.088    12.085    u_mul/o_data[14]_i_12_n_0
    SLICE_X112Y471       LUT6 (Prop_F6LUT_SLICEL_I3_O)
                                                      0.089    12.174 r  u_mul/o_data[14]_i_4/O
                         net (fo=14, routed)          0.121    12.295    u_mul/p1_intercept_reg[15]
    SLICE_X112Y469       LUT5 (Prop_F6LUT_SLICEL_I1_O)
                                                      0.089    12.384 r  u_mul/o_data[4]_i_1/O
                         net (fo=1, routed)           0.051    12.435    u_mul_n_11
    SLICE_X112Y469       FDCE                                         r  o_data_reg[4]/D
  -------------------------------------------------------------------    -------------------

                         (clock clk rise edge)        2.000     2.000 r  
    AY11                                              0.000     2.000 r  clk (IN)
                         net (fo=0)                   0.000     2.000    clk_IBUF_inst/I
    AY11                 INBUF (Prop_INBUF_HPIOB_M_PAD_O)
                                                      0.405     2.405 r  clk_IBUF_inst/INBUF_INST/O
                         net (fo=1, routed)           0.000     2.405    clk_IBUF_inst/OUT
    AY11                 IBUFCTRL (Prop_IBUFCTRL_HPIOB_M_I_O)
                                                      0.000     2.405 r  clk_IBUF_inst/IBUFCTRL_INST/O
                         net (fo=1, routed)           0.286     2.691    clk_IBUF
    BUFGCE_X1Y192        BUFGCE (Prop_BUFCE_BUFGCE_I_O)
                                                      0.024     2.715 r  clk_IBUF_BUFG_inst/O
    X4Y8 (CLOCK_ROOT)    net (fo=346, routed)         1.216     3.931    clk_IBUF_BUFG
    SLICE_X112Y469       FDCE                                         r  o_data_reg[4]/C
                         clock pessimism              0.308     4.240    
                         clock uncertainty           -0.035     4.204    
    SLICE_X112Y469       FDCE (Setup_FFF_SLICEL_C_D)
                                                      0.025     4.229    o_data_reg[4]
  -------------------------------------------------------------------
                         required time                          4.229    
                         arrival time                         -12.435    
  -------------------------------------------------------------------
                         slack                                 -8.206    





Min Delay Paths
--------------------------------------------------------------------------------------
Slack (MET) :             0.025ns  (arrival time - required time)
  Source:                 p1_intercept_reg[15]/C
                            (rising edge-triggered cell FDRE clocked by clk  {rise@0.000ns fall@1.000ns period=2.000ns})
  Destination:            o_data_reg[5]/D
                            (rising edge-triggered cell FDCE clocked by clk  {rise@0.000ns fall@1.000ns period=2.000ns})
  Path Group:             clk
  Path Type:              Hold (Min at Slow Process Corner)
  Requirement:            0.000ns  (clk rise@0.000ns - clk rise@0.000ns)
  Data Path Delay:        0.504ns  (logic 0.169ns (33.511%)  route 0.335ns (66.489%))
  Logic Levels:           3  (LUT5=1 LUT6=2)
  Clock Path Skew:        0.028ns (DCD - SCD - CPR)
    Destination Clock Delay (DCD):    2.180ns
    Source Clock Delay      (SCD):    1.739ns
    Clock Pessimism Removal (CPR):    0.412ns
  Clock Net Delay (Source):      1.024ns (routing 0.155ns, distribution 0.869ns)
  Clock Net Delay (Destination): 1.172ns (routing 0.171ns, distribution 1.001ns)

    Location             Delay type                Incr(ns)  Path(ns)    Netlist Resource(s)
  -------------------------------------------------------------------    -------------------
                         (clock clk rise edge)        0.000     0.000 r  
    AY11                                              0.000     0.000 r  clk (IN)
                         net (fo=0)                   0.000     0.000    clk_IBUF_inst/I
    AY11                 INBUF (Prop_INBUF_HPIOB_M_PAD_O)
                                                      0.405     0.405 r  clk_IBUF_inst/INBUF_INST/O
                         net (fo=1, routed)           0.000     0.405    clk_IBUF_inst/OUT
    AY11                 IBUFCTRL (Prop_IBUFCTRL_HPIOB_M_I_O)
                                                      0.000     0.405 r  clk_IBUF_inst/IBUFCTRL_INST/O
                         net (fo=1, routed)           0.286     0.691    clk_IBUF
    BUFGCE_X1Y192        BUFGCE (Prop_BUFCE_BUFGCE_I_O)
                                                      0.024     0.715 r  clk_IBUF_BUFG_inst/O
    X4Y8 (CLOCK_ROOT)    net (fo=346, routed)         1.024     1.739    clk_IBUF_BUFG
    SLICE_X113Y473       FDRE                                         r  p1_intercept_reg[15]/C
  -------------------------------------------------------------------    -------------------
    SLICE_X113Y473       FDRE (Prop_GFF2_SLICEM_C_Q)
                                                      0.060     1.799 r  p1_intercept_reg[15]/Q
                         net (fo=4, routed)           0.103     1.902    u_mul/o_data_reg[15][15]
    SLICE_X112Y474       LUT6 (Prop_D6LUT_SLICEL_I0_O)
                                                      0.022     1.924 r  u_mul/o_data[15]_i_3/O
                         net (fo=4, routed)           0.130     2.054    u_mul/o_data[15]_i_3_n_0
    SLICE_X112Y471       LUT6 (Prop_F6LUT_SLICEL_I0_O)
                                                      0.065     2.119 r  u_mul/o_data[14]_i_4/O
                         net (fo=14, routed)          0.072     2.192    u_mul/p1_intercept_reg[15]
    SLICE_X113Y471       LUT5 (Prop_G6LUT_SLICEM_I1_O)
                                                      0.022     2.214 r  u_mul/o_data[5]_i_1/O
                         net (fo=1, routed)           0.030     2.244    u_mul_n_10
    SLICE_X113Y471       FDCE                                         r  o_data_reg[5]/D
  -------------------------------------------------------------------    -------------------

                         (clock clk rise edge)        0.000     0.000 r  
    AY11                                              0.000     0.000 r  clk (IN)
                         net (fo=0)                   0.000     0.000    clk_IBUF_inst/I
    AY11                 INBUF (Prop_INBUF_HPIOB_M_PAD_O)
                                                      0.657     0.657 r  clk_IBUF_inst/INBUF_INST/O
                         net (fo=1, routed)           0.000     0.657    clk_IBUF_inst/OUT
    AY11                 IBUFCTRL (Prop_IBUFCTRL_HPIOB_M_I_O)
                                                      0.000     0.657 r  clk_IBUF_inst/IBUFCTRL_INST/O
                         net (fo=1, routed)           0.323     0.980    clk_IBUF
    BUFGCE_X1Y192        BUFGCE (Prop_BUFCE_BUFGCE_I_O)
                                                      0.028     1.008 r  clk_IBUF_BUFG_inst/O
    X4Y8 (CLOCK_ROOT)    net (fo=346, routed)         1.172     2.180    clk_IBUF_BUFG
    SLICE_X113Y471       FDCE                                         r  o_data_reg[5]/C
                         clock pessimism             -0.412     1.768    
    SLICE_X113Y471       FDCE (Hold_GFF_SLICEM_C_D)
                                                      0.451     2.219    o_data_reg[5]
  -------------------------------------------------------------------
                         required time                         -2.219    
                         arrival time                           2.244    
  -------------------------------------------------------------------
                         slack                                  0.025    





Pulse Width Checks
--------------------------------------------------------------------------------------
Clock Name:         clk
Waveform(ns):       { 0.000 1.000 }
Period(ns):         2.000
Sources:            { clk }

Check Type        Corner  Lib Pin     Reference Pin  Required(ns)  Actual(ns)  Slack(ns)  Location        Pin
Min Period        n/a     BUFGCE/I    n/a            1.290         2.000       0.710      BUFGCE_X1Y192   clk_IBUF_BUFG_inst/I
Low Pulse Width   Slow    RAMD32/CLK  n/a            0.532         1.000       0.468      SLICE_X116Y473  intercept_reg_reg_0_15_0_13/RAMA/CLK
High Pulse Width  Slow    RAMD32/CLK  n/a            0.532         1.000       0.468      SLICE_X116Y473  intercept_reg_reg_0_15_0_13/RAMA/CLK



