Copyright 1986-2022 Xilinx, Inc. All Rights Reserved. Copyright 2022-2024 Advanced Micro Devices, Inc. All Rights Reserved.
--------------------------------------------------------------------------------------------------------------------------------------------------
| Tool Version      : Vivado v.2024.2 (lin64) Build 5239630 Fri Nov 08 22:34:34 MST 2024
| Date              : Thu Jun 11 14:09:58 2026
| Host         : (anonymized)
| Command           : report_timing_summary -max_paths 1 -file <RUN_DIR>/xda_dsp_run/out/nnlut16_dsp/timing.rpt
| Design            : nn_lut_engine
| Device            : xcu200-fsgd2104
| Speed File        : -2  PRODUCTION 1.28 03-30-2022
| Design State      : Routed
| Temperature Grade : E
--------------------------------------------------------------------------------------------------------------------------------------------------

Timing Summary Report

------------------------------------------------------------------------------------------------
| Timer Settings
| --------------
------------------------------------------------------------------------------------------------

  Enable Multi Corner Analysis               :  Yes
  Enable Pessimism Removal                   :  Yes
  Pessimism Removal Resolution               :  Nearest Common Node
  Enable Input Delay Default Clock           :  No
  Enable Preset / Clear Arcs                 :  No
  Disable Flight Delays                      :  No
  Ignore I/O Paths                           :  No
  Timing Early Launch at Borrowing Latches   :  No
  Borrow Time for Max Delay Exceptions       :  Yes
  Merge Timing Exceptions                    :  Yes
  Inter-SLR Compensation                     :  Conservative

  Corner  Analyze    Analyze    
  Name    Max Paths  Min Paths  
  ------  ---------  ---------  
  Slow    Yes        Yes        
  Fast    Yes        Yes        


------------------------------------------------------------------------------------------------
| Report Methodology
| ------------------
------------------------------------------------------------------------------------------------

No report available as report_methodology has not been run prior. Run report_methodology on the current design for the summary of methodology violations.



check_timing report

Table of Contents
-----------------
1. checking no_clock (0)
2. checking constant_clock (0)
3. checking pulse_width_clock (0)
4. checking unconstrained_internal_endpoints (0)
5. checking no_input_delay (41)
6. checking no_output_delay (17)
7. checking multiple_clock (0)
8. checking generated_clocks (0)
9. checking loops (0)
10. checking partial_input_delay (0)
11. checking partial_output_delay (0)
12. checking latch_loops (0)

1. checking no_clock (0)
------------------------
 There are 0 register/latch pins with no clock.


2. checking constant_clock (0)
------------------------------
 There are 0 register/latch pins with constant_clock.


3. checking pulse_width_clock (0)
---------------------------------
 There are 0 register/latch pins which need pulse_width check


4. checking unconstrained_internal_endpoints (0)
------------------------------------------------
 There are 0 pins that are not constrained for maximum delay.

 There are 0 pins that are not constrained for maximum delay due to constant clock.


5. checking no_input_delay (41)
-------------------------------
 There are 41 input ports with no input delay specified. (HIGH)

 There are 0 input ports with no input delay but user has a false path constraint.


6. checking no_output_delay (17)
--------------------------------
 There are 17 ports with no output delay specified. (HIGH)

 There are 0 ports with no output delay but user has a false path constraint

 There are 0 ports with no output delay but with a timing clock defined on it or propagating through it


7. checking multiple_clock (0)
------------------------------
 There are 0 register/latch pins with multiple clocks.


8. checking generated_clocks (0)
--------------------------------
 There are 0 generated clocks that are not connected to a clock source.


9. checking loops (0)
---------------------
 There are 0 combinational loops in the design.


10. checking partial_input_delay (0)
------------------------------------
 There are 0 input ports with partial input delay specified.


11. checking partial_output_delay (0)
-------------------------------------
 There are 0 ports with partial output delay specified.


12. checking latch_loops (0)
----------------------------
 There are 0 combinational latch loops in the design through latch input



------------------------------------------------------------------------------------------------
| Design Timing Summary
| ---------------------
------------------------------------------------------------------------------------------------

    WNS(ns)      TNS(ns)  TNS Failing Endpoints  TNS Total Endpoints      WHS(ns)      THS(ns)  THS Failing Endpoints  THS Total Endpoints     WPWS(ns)     TPWS(ns)  TPWS Failing Endpoints  TPWS Total Endpoints  
    -------      -------  ---------------------  -------------------      -------      -------  ---------------------  -------------------     --------     --------  ----------------------  --------------------  
     -7.151     -168.090                     48                   49        0.070        0.000                      0                   49        0.468        0.000                       0                   347  


Timing constraints are not met.


------------------------------------------------------------------------------------------------
| Clock Summary
| -------------
------------------------------------------------------------------------------------------------

Clock  Waveform(ns)         Period(ns)      Frequency(MHz)
-----  ------------         ----------      --------------
clk    {0.000 1.000}        2.000           500.000         


------------------------------------------------------------------------------------------------
| Intra Clock Table
| -----------------
------------------------------------------------------------------------------------------------

Clock             WNS(ns)      TNS(ns)  TNS Failing Endpoints  TNS Total Endpoints      WHS(ns)      THS(ns)  THS Failing Endpoints  THS Total Endpoints     WPWS(ns)     TPWS(ns)  TPWS Failing Endpoints  TPWS Total Endpoints  
-----             -------      -------  ---------------------  -------------------      -------      -------  ---------------------  -------------------     --------     --------  ----------------------  --------------------  
clk                -7.151     -168.090                     48                   49        0.070        0.000                      0                   49        0.468        0.000                       0                   347  


------------------------------------------------------------------------------------------------
| Inter Clock Table
| -----------------
------------------------------------------------------------------------------------------------

From Clock    To Clock          WNS(ns)      TNS(ns)  TNS Failing Endpoints  TNS Total Endpoints      WHS(ns)      THS(ns)  THS Failing Endpoints  THS Total Endpoints  
----------    --------          -------      -------  ---------------------  -------------------      -------      -------  ---------------------  -------------------  


------------------------------------------------------------------------------------------------
| Other Path Groups Table
| -----------------------
------------------------------------------------------------------------------------------------

Path Group    From Clock    To Clock          WNS(ns)      TNS(ns)  TNS Failing Endpoints  TNS Total Endpoints      WHS(ns)      THS(ns)  THS Failing Endpoints  THS Total Endpoints  
----------    ----------    --------          -------      -------  ---------------------  -------------------      -------      -------  ---------------------  -------------------  


------------------------------------------------------------------------------------------------
| Timing Details
| --------------
------------------------------------------------------------------------------------------------


---------------------------------------------------------------------------------------------------
From Clock:  clk
  To Clock:  clk

Setup :           48  Failing Endpoints,  Worst Slack       -7.151ns,  Total Violation     -168.090ns
Hold  :            0  Failing Endpoints,  Worst Slack        0.070ns,  Total Violation        0.000ns
PW    :            0  Failing Endpoints,  Worst Slack        0.468ns,  Total Violation        0.000ns
---------------------------------------------------------------------------------------------------


Max Delay Paths
--------------------------------------------------------------------------------------
Slack (VIOLATED) :        -7.151ns  (required time - arrival time)
  Source:                 p1_slope_reg[4]/C
                            (rising edge-triggered cell FDRE clocked by clk  {rise@0.000ns fall@1.000ns period=2.000ns})
  Destination:            o_data_reg[6]/D
                            (rising edge-triggered cell FDCE clocked by clk  {rise@0.000ns fall@1.000ns period=2.000ns})
  Path Group:             clk
  Path Type:              Setup (Max at Slow Process Corner)
  Requirement:            2.000ns  (clk rise@2.000ns - clk rise@0.000ns)
  Data Path Delay:        9.365ns  (logic 4.208ns (44.933%)  route 5.157ns (55.067%))
  Logic Levels:           39  (CARRY8=2 DSP_A_B_DATA=1 DSP_ALU=1 DSP_M_DATA=1 DSP_MULTIPLIER=1 DSP_OUTPUT=1 DSP_PREADD_DATA=1 LUT2=1 LUT3=1 LUT4=2 LUT5=1 LUT6=26)
  Clock Path Skew:        0.225ns (DCD - SCD + CPR)
    Destination Clock Delay (DCD):    2.393ns = ( 4.393 - 2.000 ) 
    Source Clock Delay      (SCD):    2.563ns
    Clock Pessimism Removal (CPR):    0.395ns
  Clock Uncertainty:      0.035ns  ((TSJ^2 + TIJ^2)^1/2 + DJ) / 2 + PE
    Total System Jitter     (TSJ):    0.071ns
    Total Input Jitter      (TIJ):    0.000ns
    Discrete Jitter          (DJ):    0.000ns
    Phase Error              (PE):    0.000ns
  Clock Net Delay (Source):      1.556ns (routing 0.704ns, distribution 0.852ns)
  Clock Net Delay (Destination): 1.678ns (routing 0.639ns, distribution 1.039ns)

    Location             Delay type                Incr(ns)  Path(ns)    Netlist Resource(s)
  -------------------------------------------------------------------    -------------------
                         (clock clk rise edge)        0.000     0.000 r  
    AY11                                              0.000     0.000 r  clk (IN)
                         net (fo=0)                   0.000     0.000    clk_IBUF_inst/I
    AY11                 INBUF (Prop_INBUF_HPIOB_M_PAD_O)
                                                      0.657     0.657 r  clk_IBUF_inst/INBUF_INST/O
                         net (fo=1, routed)           0.000     0.657    clk_IBUF_inst/OUT
    AY11                 IBUFCTRL (Prop_IBUFCTRL_HPIOB_M_I_O)
                                                      0.000     0.657 r  clk_IBUF_inst/IBUFCTRL_INST/O
                         net (fo=1, routed)           0.323     0.980    clk_IBUF
    BUFGCE_X1Y192        BUFGCE (Prop_BUFCE_BUFGCE_I_O)
                                                      0.028     1.008 r  clk_IBUF_BUFG_inst/O
    X4Y7 (CLOCK_ROOT)    net (fo=346, routed)         1.556     2.563    clk_IBUF_BUFG
    SLICE_X116Y441       FDRE                                         r  p1_slope_reg[4]/C
  -------------------------------------------------------------------    -------------------
    SLICE_X116Y441       FDRE (Prop_CFF2_SLICEM_C_Q)
                                                      0.077     2.640 f  p1_slope_reg[4]/Q
                         net (fo=2, routed)           0.271     2.911    u_mul/product/A[4]
    DSP48E2_X14Y176      DSP_A_B_DATA (Prop_DSP_A_B_DATA_DSP48E2_A[4]_A2_DATA[4])
                                                      0.192     3.103 r  u_mul/product/DSP_A_B_DATA_INST/A2_DATA[4]
                         net (fo=1, routed)           0.000     3.103    u_mul/product/DSP_A_B_DATA.A2_DATA<4>
    DSP48E2_X14Y176      DSP_PREADD_DATA (Prop_DSP_PREADD_DATA_DSP48E2_A2_DATA[4]_A2A1[4])
                                                      0.076     3.179 r  u_mul/product/DSP_PREADD_DATA_INST/A2A1[4]
                         net (fo=1, routed)           0.000     3.179    u_mul/product/DSP_PREADD_DATA.A2A1<4>
    DSP48E2_X14Y176      DSP_MULTIPLIER (Prop_DSP_MULTIPLIER_DSP48E2_A2A1[4]_U[8])
                                                      0.505     3.684 f  u_mul/product/DSP_MULTIPLIER_INST/U[8]
                         net (fo=1, routed)           0.000     3.684    u_mul/product/DSP_MULTIPLIER.U<8>
    DSP48E2_X14Y176      DSP_M_DATA (Prop_DSP_M_DATA_DSP48E2_U[8]_U_DATA[8])
                                                      0.047     3.731 r  u_mul/product/DSP_M_DATA_INST/U_DATA[8]
                         net (fo=1, routed)           0.000     3.731    u_mul/product/DSP_M_DATA.U_DATA<8>
    DSP48E2_X14Y176      DSP_ALU (Prop_DSP_ALU_DSP48E2_U_DATA[8]_ALU_OUT[8])
                                                      0.585     4.316 f  u_mul/product/DSP_ALU_INST/ALU_OUT[8]
                         net (fo=1, routed)           0.000     4.316    u_mul/product/DSP_ALU.ALU_OUT<8>
    DSP48E2_X14Y176      DSP_OUTPUT (Prop_DSP_OUTPUT_DSP48E2_ALU_OUT[8]_P[8])
                                                      0.109     4.425 r  u_mul/product/DSP_OUTPUT_INST/P[8]
                         net (fo=7, routed)           0.311     4.736    u_mul/product__0[8]
    SLICE_X116Y443       LUT4 (Prop_F6LUT_SLICEM_I2_O)
                                                      0.123     4.859 r  u_mul/a_mant_larger_carry_i_129/O
                         net (fo=5, routed)           0.143     5.002    u_mul/a_mant_larger_carry_i_129_n_0
    SLICE_X116Y440       LUT6 (Prop_D6LUT_SLICEM_I0_O)
                                                      0.122     5.124 r  u_mul/a_mant_larger_carry_i_101/O
                         net (fo=22, routed)          0.166     5.290    u_mul/a_mant_larger_carry_i_101_n_0
    SLICE_X115Y441       LUT6 (Prop_G6LUT_SLICEL_I2_O)
                                                      0.097     5.387 r  u_mul/a_mant_larger_carry_i_57/O
                         net (fo=24, routed)          0.291     5.678    u_mul/a_mant_larger_carry_i_57_n_0
    SLICE_X117Y441       LUT2 (Prop_E6LUT_SLICEM_I1_O)
                                                      0.052     5.730 r  u_mul/a_mant_larger_carry_i_121/O
                         net (fo=3, routed)           0.050     5.780    u_mul/a_mant_larger_carry_i_121_n_0
    SLICE_X117Y441       LUT6 (Prop_D6LUT_SLICEM_I1_O)
                                                      0.088     5.868 r  u_mul/a_mant_larger_carry_i_120/O
                         net (fo=3, routed)           0.183     6.051    u_mul/a_mant_larger_carry_i_120_n_0
    SLICE_X117Y442       LUT6 (Prop_A6LUT_SLICEM_I5_O)
                                                      0.053     6.104 r  u_mul/a_mant_larger_carry_i_70/O
                         net (fo=9, routed)           0.292     6.397    u_mul/a_mant_larger_carry_i_70_n_0
    SLICE_X114Y440       LUT6 (Prop_F6LUT_SLICEL_I5_O)
                                                      0.089     6.486 f  u_mul/a_mant_larger_carry_i_69/O
                         net (fo=1, routed)           0.040     6.526    u_mul/a_mant_larger_carry_i_69_n_0
    SLICE_X114Y440       LUT6 (Prop_H6LUT_SLICEL_I4_O)
                                                      0.090     6.616 r  u_mul/a_mant_larger_carry_i_31/O
                         net (fo=8, routed)           0.104     6.720    u_mul/a_mant_larger_carry_i_31_n_0
    SLICE_X114Y442       LUT6 (Prop_C6LUT_SLICEL_I4_O)
                                                      0.096     6.816 f  u_mul/sum_negative0_carry_i_28/O
                         net (fo=17, routed)          0.102     6.918    u_mul/sum_negative0_carry_i_28_n_0
    SLICE_X113Y442       LUT6 (Prop_A6LUT_SLICEM_I5_O)
                                                      0.038     6.956 f  u_mul/a_mant_larger_carry_i_14/O
                         net (fo=11, routed)          0.229     7.186    u_mul/a_mant_larger_carry_i_14_n_0
    SLICE_X112Y443       LUT6 (Prop_H6LUT_SLICEL_I0_O)
                                                      0.051     7.237 f  u_mul/a_mant_larger_carry_i_6/O
                         net (fo=1, routed)           0.133     7.370    u_add/DI[0]
    SLICE_X112Y443       CARRY8 (Prop_CARRY8_SLICEL_DI[0]_CO[5])
                                                      0.168     7.538 f  u_add/a_mant_larger_carry/CO[5]
                         net (fo=3, routed)           0.188     7.726    u_mul/CO[0]
    SLICE_X112Y444       LUT4 (Prop_F6LUT_SLICEL_I2_O)
                                                      0.035     7.761 f  u_mul/sum_negative0_carry__0_i_24/O
                         net (fo=3, routed)           0.045     7.806    u_mul/sum_negative0_carry__0_i_24_n_0
    SLICE_X112Y444       LUT6 (Prop_H6LUT_SLICEL_I0_O)
                                                      0.051     7.857 r  u_mul/sum_negative0_carry__0_i_18/O
                         net (fo=48, routed)          0.217     8.074    u_mul/p1_intercept_reg[14]_0
    SLICE_X113Y445       LUT3 (Prop_A6LUT_SLICEM_I1_O)
                                                      0.038     8.112 f  u_mul/sum_negative0_carry_i_61/O
                         net (fo=3, routed)           0.103     8.215    u_mul/sum_negative0_carry_i_61_n_0
    SLICE_X114Y444       LUT6 (Prop_G6LUT_SLICEL_I4_O)
                                                      0.123     8.338 f  u_mul/sum_negative0_carry_i_60/O
                         net (fo=4, routed)           0.233     8.571    u_mul/sum_negative0_carry_i_60_n_0
    SLICE_X115Y445       LUT6 (Prop_F6LUT_SLICEL_I4_O)
                                                      0.049     8.620 r  u_mul/sum_negative0_carry_i_20/O
                         net (fo=3, routed)           0.152     8.772    u_mul/sum_negative0_carry_i_20_n_0
    SLICE_X116Y446       LUT6 (Prop_C6LUT_SLICEM_I4_O)
                                                      0.123     8.895 r  u_mul/sum_negative0_carry_i_12/O
                         net (fo=1, routed)           0.021     8.916    u_add/o_data[2]_i_5_1[2]
    SLICE_X116Y446       CARRY8 (Prop_CARRY8_SLICEM_S[2]_O[5])
                                                      0.200     9.116 r  u_add/sum_negative0_carry/O[5]
                         net (fo=6, routed)           0.190     9.306    u_add/sum[5]
    SLICE_X116Y445       LUT6 (Prop_H6LUT_SLICEM_I0_O)
                                                      0.125     9.431 r  u_add/o_data[6]_i_9/O
                         net (fo=8, routed)           0.156     9.587    u_mul/o_data[6]_i_3
    SLICE_X116Y448       LUT6 (Prop_H6LUT_SLICEM_I3_O)
                                                      0.039     9.626 r  u_mul/o_data[9]_i_15/O
                         net (fo=6, routed)           0.206     9.832    u_mul/o_data[9]_i_15_n_0
    SLICE_X116Y448       LUT6 (Prop_D6LUT_SLICEM_I1_O)
                                                      0.051     9.883 f  u_mul/o_data[12]_i_43/O
                         net (fo=1, routed)           0.045     9.928    u_mul/o_data[12]_i_43_n_0
    SLICE_X116Y448       LUT6 (Prop_F6LUT_SLICEM_I0_O)
                                                      0.123    10.051 r  u_mul/o_data[12]_i_39/O
                         net (fo=2, routed)           0.091    10.142    u_add/o_data[12]_i_9_0
    SLICE_X116Y448       LUT6 (Prop_C6LUT_SLICEM_I1_O)
                                                      0.051    10.193 r  u_add/o_data[9]_i_17/O
                         net (fo=2, routed)           0.185    10.378    u_add/o_data[9]_i_17_n_0
    SLICE_X115Y449       LUT6 (Prop_C6LUT_SLICEL_I5_O)
                                                      0.035    10.413 r  u_add/o_data[9]_i_9/O
                         net (fo=12, routed)          0.160    10.573    u_add/o_data[9]_i_9_n_0
    SLICE_X115Y450       LUT6 (Prop_B6LUT_SLICEL_I2_O)
                                                      0.098    10.671 r  u_add/o_data[4]_i_5/O
                         net (fo=2, routed)           0.140    10.811    u_add/o_data[4]_i_5_n_0
    SLICE_X114Y450       LUT5 (Prop_E6LUT_SLICEL_I3_O)
                                                      0.123    10.934 r  u_add/o_data[4]_i_2/O
                         net (fo=2, routed)           0.148    11.082    u_add/o_data[6]_i_6_0
    SLICE_X114Y450       LUT6 (Prop_B6LUT_SLICEL_I5_O)
                                                      0.036    11.118 f  u_add/o_data[6]_i_2/O
                         net (fo=6, routed)           0.122    11.240    u_add/o_data[4]_i_2_0
    SLICE_X114Y448       LUT6 (Prop_F6LUT_SLICEL_I1_O)
                                                      0.035    11.275 r  u_add/o_data[14]_i_10/O
                         net (fo=9, routed)           0.097    11.372    u_add/o_data[9]_i_3_0
    SLICE_X114Y449       LUT6 (Prop_H6LUT_SLICEL_I0_O)
                                                      0.036    11.408 r  u_add/o_data[14]_i_5/O
                         net (fo=3, routed)           0.089    11.497    u_mul/o_data_reg[14]_0
    SLICE_X113Y449       LUT6 (Prop_E6LUT_SLICEM_I1_O)
                                                      0.091    11.588 r  u_mul/o_data[14]_i_12/O
                         net (fo=1, routed)           0.040    11.628    u_mul/o_data[14]_i_12_n_0
    SLICE_X113Y449       LUT6 (Prop_D6LUT_SLICEM_I2_O)
                                                      0.037    11.665 r  u_mul/o_data[14]_i_4/O
                         net (fo=14, routed)          0.163    11.829    u_add/o_data_reg[6]_2
    SLICE_X112Y449       LUT6 (Prop_B6LUT_SLICEL_I3_O)
                                                      0.051    11.880 r  u_add/o_data[6]_i_1/O
                         net (fo=1, routed)           0.049    11.929    u_add_n_52
    SLICE_X112Y449       FDCE                                         r  o_data_reg[6]/D
  -------------------------------------------------------------------    -------------------

                         (clock clk rise edge)        2.000     2.000 r  
    AY11                                              0.000     2.000 r  clk (IN)
                         net (fo=0)                   0.000     2.000    clk_IBUF_inst/I
    AY11                 INBUF (Prop_INBUF_HPIOB_M_PAD_O)
                                                      0.405     2.405 r  clk_IBUF_inst/INBUF_INST/O
                         net (fo=1, routed)           0.000     2.405    clk_IBUF_inst/OUT
    AY11                 IBUFCTRL (Prop_IBUFCTRL_HPIOB_M_I_O)
                                                      0.000     2.405 r  clk_IBUF_inst/IBUFCTRL_INST/O
                         net (fo=1, routed)           0.286     2.691    clk_IBUF
    BUFGCE_X1Y192        BUFGCE (Prop_BUFCE_BUFGCE_I_O)
                                                      0.024     2.715 r  clk_IBUF_BUFG_inst/O
    X4Y7 (CLOCK_ROOT)    net (fo=346, routed)         1.678     4.393    clk_IBUF_BUFG
    SLICE_X112Y449       FDCE                                         r  o_data_reg[6]/C
                         clock pessimism              0.395     4.788    
                         clock uncertainty           -0.035     4.753    
    SLICE_X112Y449       FDCE (Setup_BFF_SLICEL_C_D)
                                                      0.025     4.778    o_data_reg[6]
  -------------------------------------------------------------------
                         required time                          4.778    
                         arrival time                         -11.929    
  -------------------------------------------------------------------
                         slack                                 -7.151    





Min Delay Paths
--------------------------------------------------------------------------------------
Slack (MET) :             0.070ns  (arrival time - required time)
  Source:                 slope_reg_reg_0_15_0_13/RAMG/CLK
                            (rising edge-triggered cell RAMD32 clocked by clk  {rise@0.000ns fall@1.000ns period=2.000ns})
  Destination:            p1_slope_reg[12]/D
                            (rising edge-triggered cell FDRE clocked by clk  {rise@0.000ns fall@1.000ns period=2.000ns})
  Path Group:             clk
  Path Type:              Hold (Min at Fast Process Corner)
  Requirement:            0.000ns  (clk rise@0.000ns - clk rise@0.000ns)
  Data Path Delay:        0.113ns  (logic 0.105ns (92.920%)  route 0.008ns (7.080%))
  Logic Levels:           0  
  Clock Path Skew:        -0.004ns (DCD - SCD - CPR)
    Destination Clock Delay (DCD):    1.653ns
    Source Clock Delay      (SCD):    1.330ns
    Clock Pessimism Removal (CPR):    0.328ns
  Clock Net Delay (Source):      0.878ns (routing 0.391ns, distribution 0.487ns)
  Clock Net Delay (Destination): 0.976ns (routing 0.437ns, distribution 0.539ns)

    Location             Delay type                Incr(ns)  Path(ns)    Netlist Resource(s)
  -------------------------------------------------------------------    -------------------
                         (clock clk rise edge)        0.000     0.000 r  
    AY11                                              0.000     0.000 r  clk (IN)
                         net (fo=0)                   0.000     0.000    clk_IBUF_inst/I
    AY11                 INBUF (Prop_INBUF_HPIOB_M_PAD_O)
                                                      0.290     0.290 r  clk_IBUF_inst/INBUF_INST/O
                         net (fo=1, routed)           0.000     0.290    clk_IBUF_inst/OUT
    AY11                 IBUFCTRL (Prop_IBUFCTRL_HPIOB_M_I_O)
                                                      0.000     0.290 r  clk_IBUF_inst/IBUFCTRL_INST/O
                         net (fo=1, routed)           0.144     0.434    clk_IBUF
    BUFGCE_X1Y192        BUFGCE (Prop_BUFCE_BUFGCE_I_O)
                                                      0.017     0.451 r  clk_IBUF_BUFG_inst/O
    X4Y7 (CLOCK_ROOT)    net (fo=346, routed)         0.878     1.330    slope_reg_reg_0_15_0_13/WCLK
    SLICE_X116Y441       RAMD32                                       r  slope_reg_reg_0_15_0_13/RAMG/CLK
  -------------------------------------------------------------------    -------------------
    SLICE_X116Y441       RAMD32 (Prop_G5LUT_SLICEM_CLK_O)
                                                      0.105     1.435 r  slope_reg_reg_0_15_0_13/RAMG/O
                         net (fo=1, routed)           0.008     1.443    s1_slope[12]
    SLICE_X116Y441       FDRE                                         r  p1_slope_reg[12]/D
  -------------------------------------------------------------------    -------------------

                         (clock clk rise edge)        0.000     0.000 r  
    AY11                                              0.000     0.000 r  clk (IN)
                         net (fo=0)                   0.000     0.000    clk_IBUF_inst/I
    AY11                 INBUF (Prop_INBUF_HPIOB_M_PAD_O)
                                                      0.477     0.477 r  clk_IBUF_inst/INBUF_INST/O
                         net (fo=1, routed)           0.000     0.477    clk_IBUF_inst/OUT
    AY11                 IBUFCTRL (Prop_IBUFCTRL_HPIOB_M_I_O)
                                                      0.000     0.477 r  clk_IBUF_inst/IBUFCTRL_INST/O
                         net (fo=1, routed)           0.181     0.658    clk_IBUF
    BUFGCE_X1Y192        BUFGCE (Prop_BUFCE_BUFGCE_I_O)
                                                      0.019     0.677 r  clk_IBUF_BUFG_inst/O
    X4Y7 (CLOCK_ROOT)    net (fo=346, routed)         0.976     1.653    clk_IBUF_BUFG
    SLICE_X116Y441       FDRE                                         r  p1_slope_reg[12]/C
                         clock pessimism             -0.328     1.325    
    SLICE_X116Y441       FDRE (Hold_GFF2_SLICEM_C_D)
                                                      0.047     1.372    p1_slope_reg[12]
  -------------------------------------------------------------------
                         required time                         -1.372    
                         arrival time                           1.443    
  -------------------------------------------------------------------
                         slack                                  0.070    





Pulse Width Checks
--------------------------------------------------------------------------------------
Clock Name:         clk
Waveform(ns):       { 0.000 1.000 }
Period(ns):         2.000
Sources:            { clk }

Check Type        Corner  Lib Pin     Reference Pin  Required(ns)  Actual(ns)  Slack(ns)  Location        Pin
Min Period        n/a     BUFGCE/I    n/a            1.290         2.000       0.710      BUFGCE_X1Y192   clk_IBUF_BUFG_inst/I
Low Pulse Width   Slow    RAMD32/CLK  n/a            0.532         1.000       0.468      SLICE_X110Y445  intercept_reg_reg_0_15_0_13/RAMA/CLK
High Pulse Width  Slow    RAMD32/CLK  n/a            0.532         1.000       0.468      SLICE_X110Y445  intercept_reg_reg_0_15_0_13/RAMA/CLK



