Copyright 1986-2022 Xilinx, Inc. All Rights Reserved. Copyright 2022-2024 Advanced Micro Devices, Inc. All Rights Reserved.
------------------------------------------------------------------------------------------------------------------------------------------------------------
| Tool Version      : Vivado v.2024.1 (lin64) Build 5076996 Wed May 22 18:36:09 MDT 2024
| Date              : Sat Mar 28 12:20:20 2026
| Host         : (anonymized)
| Command           : report_timing_summary -max_paths 1 -file <RUN_DIR>/ing/research/eda/results/hw/table1/fpga/../../tmp/saif_results/nnlut256/timing.rpt
| Design            : nn_lut_engine
| Device            : xcu200-fsgd2104
| Speed File        : -2  PRODUCTION 1.28 03-30-2022
| Design State      : Routed
| Temperature Grade : E
------------------------------------------------------------------------------------------------------------------------------------------------------------

Timing Summary Report

------------------------------------------------------------------------------------------------
| Timer Settings
| --------------
------------------------------------------------------------------------------------------------

  Enable Multi Corner Analysis               :  Yes
  Enable Pessimism Removal                   :  Yes
  Pessimism Removal Resolution               :  Nearest Common Node
  Enable Input Delay Default Clock           :  No
  Enable Preset / Clear Arcs                 :  No
  Disable Flight Delays                      :  No
  Ignore I/O Paths                           :  No
  Timing Early Launch at Borrowing Latches   :  No
  Borrow Time for Max Delay Exceptions       :  Yes
  Merge Timing Exceptions                    :  Yes
  Inter-SLR Compensation                     :  Conservative

  Corner  Analyze    Analyze    
  Name    Max Paths  Min Paths  
  ------  ---------  ---------  
  Slow    Yes        Yes        
  Fast    Yes        Yes        


------------------------------------------------------------------------------------------------
| Report Methodology
| ------------------
------------------------------------------------------------------------------------------------

No report available as report_methodology has not been run prior. Run report_methodology on the current design for the summary of methodology violations.



check_timing report

Table of Contents
-----------------
1. checking no_clock (0)
2. checking constant_clock (0)
3. checking pulse_width_clock (0)
4. checking unconstrained_internal_endpoints (0)
5. checking no_input_delay (45)
6. checking no_output_delay (17)
7. checking multiple_clock (0)
8. checking generated_clocks (0)
9. checking loops (0)
10. checking partial_input_delay (0)
11. checking partial_output_delay (0)
12. checking latch_loops (0)

1. checking no_clock (0)
------------------------
 There are 0 register/latch pins with no clock.


2. checking constant_clock (0)
------------------------------
 There are 0 register/latch pins with constant_clock.


3. checking pulse_width_clock (0)
---------------------------------
 There are 0 register/latch pins which need pulse_width check


4. checking unconstrained_internal_endpoints (0)
------------------------------------------------
 There are 0 pins that are not constrained for maximum delay.

 There are 0 pins that are not constrained for maximum delay due to constant clock.


5. checking no_input_delay (45)
-------------------------------
 There are 45 input ports with no input delay specified. (HIGH)

 There are 0 input ports with no input delay but user has a false path constraint.


6. checking no_output_delay (17)
--------------------------------
 There are 17 ports with no output delay specified. (HIGH)

 There are 0 ports with no output delay but user has a false path constraint

 There are 0 ports with no output delay but with a timing clock defined on it or propagating through it


7. checking multiple_clock (0)
------------------------------
 There are 0 register/latch pins with multiple clocks.


8. checking generated_clocks (0)
--------------------------------
 There are 0 generated clocks that are not connected to a clock source.


9. checking loops (0)
---------------------
 There are 0 combinational loops in the design.


10. checking partial_input_delay (0)
------------------------------------
 There are 0 input ports with partial input delay specified.


11. checking partial_output_delay (0)
-------------------------------------
 There are 0 ports with partial output delay specified.


12. checking latch_loops (0)
----------------------------
 There are 0 combinational latch loops in the design through latch input



------------------------------------------------------------------------------------------------
| Design Timing Summary
| ---------------------
------------------------------------------------------------------------------------------------

    WNS(ns)      TNS(ns)  TNS Failing Endpoints  TNS Total Endpoints      WHS(ns)      THS(ns)  THS Failing Endpoints  THS Total Endpoints     WPWS(ns)     TPWS(ns)  TPWS Failing Endpoints  TPWS Total Endpoints  
    -------      -------  ---------------------  -------------------      -------      -------  ---------------------  -------------------     --------     --------  ----------------------  --------------------  
     -8.397     -209.549                     40                   41        0.027        0.000                      0                   41        0.431        0.000                       0                  4213  


Timing constraints are not met.


------------------------------------------------------------------------------------------------
| Clock Summary
| -------------
------------------------------------------------------------------------------------------------

Clock  Waveform(ns)         Period(ns)      Frequency(MHz)
-----  ------------         ----------      --------------
clk    {0.000 1.000}        2.000           500.000         


------------------------------------------------------------------------------------------------
| Intra Clock Table
| -----------------
------------------------------------------------------------------------------------------------

Clock             WNS(ns)      TNS(ns)  TNS Failing Endpoints  TNS Total Endpoints      WHS(ns)      THS(ns)  THS Failing Endpoints  THS Total Endpoints     WPWS(ns)     TPWS(ns)  TPWS Failing Endpoints  TPWS Total Endpoints  
-----             -------      -------  ---------------------  -------------------      -------      -------  ---------------------  -------------------     --------     --------  ----------------------  --------------------  
clk                -8.397     -209.549                     40                   41        0.027        0.000                      0                   41        0.431        0.000                       0                  4213  


------------------------------------------------------------------------------------------------
| Inter Clock Table
| -----------------
------------------------------------------------------------------------------------------------

From Clock    To Clock          WNS(ns)      TNS(ns)  TNS Failing Endpoints  TNS Total Endpoints      WHS(ns)      THS(ns)  THS Failing Endpoints  THS Total Endpoints  
----------    --------          -------      -------  ---------------------  -------------------      -------      -------  ---------------------  -------------------  


------------------------------------------------------------------------------------------------
| Other Path Groups Table
| -----------------------
------------------------------------------------------------------------------------------------

Path Group    From Clock    To Clock          WNS(ns)      TNS(ns)  TNS Failing Endpoints  TNS Total Endpoints      WHS(ns)      THS(ns)  THS Failing Endpoints  THS Total Endpoints  
----------    ----------    --------          -------      -------  ---------------------  -------------------      -------      -------  ---------------------  -------------------  


------------------------------------------------------------------------------------------------
| Timing Details
| --------------
------------------------------------------------------------------------------------------------


---------------------------------------------------------------------------------------------------
From Clock:  clk
  To Clock:  clk

Setup :           40  Failing Endpoints,  Worst Slack       -8.397ns,  Total Violation     -209.549ns
Hold  :            0  Failing Endpoints,  Worst Slack        0.027ns,  Total Violation        0.000ns
PW    :            0  Failing Endpoints,  Worst Slack        0.431ns,  Total Violation        0.000ns
---------------------------------------------------------------------------------------------------


Max Delay Paths
--------------------------------------------------------------------------------------
Slack (VIOLATED) :        -8.397ns  (required time - arrival time)
  Source:                 p1_slope_reg[13]/C
                            (rising edge-triggered cell FDRE clocked by clk  {rise@0.000ns fall@1.000ns period=2.000ns})
  Destination:            o_data_reg[3]/D
                            (rising edge-triggered cell FDCE clocked by clk  {rise@0.000ns fall@1.000ns period=2.000ns})
  Path Group:             clk
  Path Type:              Setup (Max at Slow Process Corner)
  Requirement:            2.000ns  (clk rise@2.000ns - clk rise@0.000ns)
  Data Path Delay:        10.466ns  (logic 4.789ns (45.760%)  route 5.677ns (54.240%))
  Logic Levels:           46  (CARRY8=7 LUT4=4 LUT5=8 LUT6=27)
  Clock Path Skew:        0.079ns (DCD - SCD + CPR)
    Destination Clock Delay (DCD):    2.701ns = ( 4.701 - 2.000 ) 
    Source Clock Delay      (SCD):    3.053ns
    Clock Pessimism Removal (CPR):    0.430ns
  Clock Uncertainty:      0.035ns  ((TSJ^2 + TIJ^2)^1/2 + DJ) / 2 + PE
    Total System Jitter     (TSJ):    0.071ns
    Total Input Jitter      (TIJ):    0.000ns
    Discrete Jitter          (DJ):    0.000ns
    Phase Error              (PE):    0.000ns
  Clock Net Delay (Source):      2.045ns (routing 0.960ns, distribution 1.085ns)
  Clock Net Delay (Destination): 1.986ns (routing 0.874ns, distribution 1.112ns)

    Location             Delay type                Incr(ns)  Path(ns)    Netlist Resource(s)
  -------------------------------------------------------------------    -------------------
                         (clock clk rise edge)        0.000     0.000 r  
    AY11                                              0.000     0.000 r  clk (IN)
                         net (fo=0)                   0.000     0.000    clk_IBUF_inst/I
    AY11                 INBUF (Prop_INBUF_HPIOB_M_PAD_O)
                                                      0.657     0.657 r  clk_IBUF_inst/INBUF_INST/O
                         net (fo=1, routed)           0.000     0.657    clk_IBUF_inst/OUT
    AY11                 IBUFCTRL (Prop_IBUFCTRL_HPIOB_M_I_O)
                                                      0.000     0.657 r  clk_IBUF_inst/IBUFCTRL_INST/O
                         net (fo=1, routed)           0.323     0.980    clk_IBUF
    BUFGCE_X1Y192        BUFGCE (Prop_BUFCE_BUFGCE_I_O)
                                                      0.028     1.008 r  clk_IBUF_BUFG_inst/O
    X3Y7 (CLOCK_ROOT)    net (fo=4212, routed)        2.045     3.053    clk_IBUF_BUFG
    SLICE_X108Y415       FDRE                                         r  p1_slope_reg[13]/C
  -------------------------------------------------------------------    -------------------
    SLICE_X108Y415       FDRE (Prop_FFF_SLICEM_C_Q)
                                                      0.076     3.129 r  p1_slope_reg[13]/Q
                         net (fo=15, routed)          0.171     3.300    u_mul/o_data_reg[5]_i_13_0[13]
    SLICE_X108Y420       LUT5 (Prop_D6LUT_SLICEM_I3_O)
                                                      0.122     3.422 r  u_mul/o_data[15]_i_82/O
                         net (fo=17, routed)          0.170     3.592    u_mul/o_data[15]_i_82_n_0
    SLICE_X108Y415       LUT6 (Prop_E6LUT_SLICEM_I5_O)
                                                      0.124     3.716 r  u_mul/o_data[15]_i_374/O
                         net (fo=1, routed)           0.257     3.973    u_mul/o_data[15]_i_374_n_0
    SLICE_X108Y413       CARRY8 (Prop_CARRY8_SLICEM_DI[3]_O[5])
                                                      0.182     4.155 r  u_mul/o_data_reg[15]_i_299/O[5]
                         net (fo=2, routed)           0.205     4.360    u_mul/o_data_reg[15]_i_299_n_10
    SLICE_X106Y413       LUT5 (Prop_F6LUT_SLICEL_I2_O)
                                                      0.123     4.483 r  u_mul/o_data[15]_i_294/O
                         net (fo=2, routed)           0.089     4.572    u_mul/o_data[15]_i_294_n_0
    SLICE_X106Y411       LUT5 (Prop_G6LUT_SLICEL_I0_O)
                                                      0.089     4.661 r  u_mul/o_data[15]_i_301/O
                         net (fo=1, routed)           0.008     4.669    u_mul/o_data[15]_i_301_n_0
    SLICE_X106Y411       CARRY8 (Prop_CARRY8_SLICEL_S[6]_CO[7])
                                                      0.115     4.784 r  u_mul/o_data_reg[15]_i_270/CO[7]
                         net (fo=1, routed)           0.026     4.810    u_mul/o_data_reg[15]_i_270_n_0
    SLICE_X106Y412       CARRY8 (Prop_CARRY8_SLICEL_CI_O[2])
                                                      0.067     4.877 r  u_mul/o_data_reg[15]_i_276/O[2]
                         net (fo=3, routed)           0.280     5.157    u_mul/o_data_reg[15]_i_276_n_13
    SLICE_X105Y409       LUT4 (Prop_C6LUT_SLICEL_I3_O)
                                                      0.123     5.280 r  u_mul/o_data[15]_i_262/O
                         net (fo=1, routed)           0.010     5.290    u_mul/o_data[15]_i_262_n_0
    SLICE_X105Y409       CARRY8 (Prop_CARRY8_SLICEL_S[2]_O[5])
                                                      0.196     5.486 r  u_mul/o_data_reg[15]_i_200/O[5]
                         net (fo=4, routed)           0.199     5.685    u_mul/product_0[21]
    SLICE_X105Y404       LUT6 (Prop_E6LUT_SLICEL_I1_O)
                                                      0.123     5.808 r  u_mul/o_data[15]_i_274/O
                         net (fo=1, routed)           0.101     5.909    u_mul/o_data[15]_i_274_n_0
    SLICE_X104Y404       LUT6 (Prop_C6LUT_SLICEM_I0_O)
                                                      0.145     6.054 r  u_mul/o_data[15]_i_249/O
                         net (fo=2, routed)           0.095     6.149    u_mul/o_data[15]_i_249_n_0
    SLICE_X104Y405       LUT6 (Prop_F6LUT_SLICEM_I3_O)
                                                      0.123     6.272 f  u_mul/o_data[15]_i_188/O
                         net (fo=1, routed)           0.094     6.366    u_mul/o_data[15]_i_188_n_0
    SLICE_X104Y407       LUT6 (Prop_G6LUT_SLICEM_I1_O)
                                                      0.090     6.456 r  u_mul/o_data[15]_i_120/O
                         net (fo=22, routed)          0.271     6.727    u_mul/o_data[15]_i_120_n_0
    SLICE_X103Y406       LUT6 (Prop_F6LUT_SLICEL_I2_O)
                                                      0.035     6.762 f  u_mul/o_data[15]_i_73/O
                         net (fo=3, routed)           0.122     6.884    u_mul/o_data[15]_i_73_n_0
    SLICE_X103Y409       LUT6 (Prop_H6LUT_SLICEL_I1_O)
                                                      0.150     7.034 f  u_mul/o_data[15]_i_65/O
                         net (fo=8, routed)           0.108     7.142    u_mul/o_data[15]_i_65_n_0
    SLICE_X102Y409       LUT6 (Prop_F6LUT_SLICEM_I1_O)
                                                      0.088     7.230 f  u_mul/o_data[15]_i_95/O
                         net (fo=10, routed)          0.158     7.388    u_mul/o_data[15]_i_95_n_0
    SLICE_X103Y408       LUT4 (Prop_C6LUT_SLICEL_I2_O)
                                                      0.123     7.511 r  u_mul/o_data[15]_i_152/O
                         net (fo=1, routed)           0.100     7.611    u_mul/o_data[15]_i_152_n_0
    SLICE_X103Y410       LUT6 (Prop_E6LUT_SLICEL_I4_O)
                                                      0.123     7.734 f  u_mul/o_data[15]_i_90/O
                         net (fo=3, routed)           0.090     7.824    u_mul/o_data[15]_i_90_n_0
    SLICE_X103Y409       LUT6 (Prop_D6LUT_SLICEL_I4_O)
                                                      0.050     7.874 f  u_mul/o_data[15]_i_33/O
                         net (fo=27, routed)          0.141     8.015    u_mul/mul_isZero
    SLICE_X102Y409       LUT6 (Prop_B6LUT_SLICEM_I5_O)
                                                      0.149     8.164 r  u_mul/o_data[11]_i_25/O
                         net (fo=2, routed)           0.186     8.350    u_mul/product[3]
    SLICE_X100Y410       LUT4 (Prop_B6LUT_SLICEM_I1_O)
                                                      0.052     8.402 r  u_mul/o_data[11]_i_22/O
                         net (fo=1, routed)           0.016     8.418    u_mul/o_data[11]_i_22_n_0
    SLICE_X100Y410       CARRY8 (Prop_CARRY8_SLICEM_S[1]_CO[5])
                                                      0.199     8.617 r  u_mul/o_data_reg[11]_i_10/CO[5]
                         net (fo=3, routed)           0.140     8.757    u_mul/u_add/a_mant_larger
    SLICE_X100Y411       LUT6 (Prop_F6LUT_SLICEM_I0_O)
                                                      0.088     8.845 r  u_mul/o_data[11]_i_7/O
                         net (fo=1, routed)           0.043     8.888    u_mul/o_data[11]_i_7_n_0
    SLICE_X100Y411       LUT6 (Prop_H6LUT_SLICEM_I4_O)
                                                      0.090     8.978 r  u_mul/o_data[11]_i_3/O
                         net (fo=53, routed)          0.130     9.108    u_mul/o_data[11]_i_3_n_0
    SLICE_X100Y412       LUT5 (Prop_D6LUT_SLICEM_I4_O)
                                                      0.037     9.145 r  u_mul/o_data[15]_i_156/O
                         net (fo=2, routed)           0.150     9.295    u_mul/o_data[15]_i_156_n_0
    SLICE_X102Y411       LUT6 (Prop_B6LUT_SLICEM_I2_O)
                                                      0.052     9.347 f  u_mul/o_data[15]_i_158/O
                         net (fo=26, routed)          0.210     9.557    u_mul/o_data[15]_i_158_n_0
    SLICE_X102Y411       LUT6 (Prop_C6LUT_SLICEM_I4_O)
                                                      0.098     9.655 r  u_mul/o_data[5]_i_32/O
                         net (fo=2, routed)           0.147     9.802    u_mul/o_data[5]_i_32_n_0
    SLICE_X103Y413       LUT6 (Prop_F6LUT_SLICEL_I3_O)
                                                      0.123     9.925 r  u_mul/o_data[5]_i_17/O
                         net (fo=2, routed)           0.094    10.019    u_mul/o_data[5]_i_17_n_0
    SLICE_X104Y413       LUT4 (Prop_F6LUT_SLICEM_I0_O)
                                                      0.098    10.117 r  u_mul/o_data[5]_i_22/O
                         net (fo=1, routed)           0.022    10.139    u_mul/o_data[5]_i_22_n_0
    SLICE_X104Y413       CARRY8 (Prop_CARRY8_SLICEM_S[5]_CO[7])
                                                      0.159    10.298 r  u_mul/o_data_reg[5]_i_13/CO[7]
                         net (fo=1, routed)           0.026    10.324    u_mul/o_data_reg[5]_i_13_n_0
    SLICE_X104Y414       CARRY8 (Prop_CARRY8_SLICEM_CI_O[2])
                                                      0.067    10.391 r  u_mul/o_data_reg[15]_i_18/O[2]
                         net (fo=7, routed)           0.279    10.670    u_mul/u_add/sum[10]
    SLICE_X105Y414       LUT6 (Prop_B6LUT_SLICEL_I0_O)
                                                      0.148    10.818 r  u_mul/o_data[9]_i_9/O
                         net (fo=7, routed)           0.105    10.923    u_mul/o_data[9]_i_9_n_0
    SLICE_X105Y415       LUT6 (Prop_E6LUT_SLICEL_I4_O)
                                                      0.035    10.958 r  u_mul/o_data[15]_i_17/O
                         net (fo=7, routed)           0.060    11.018    u_mul/o_data[15]_i_17_n_0
    SLICE_X105Y415       LUT6 (Prop_C6LUT_SLICEL_I5_O)
                                                      0.035    11.053 f  u_mul/o_data[14]_i_19/O
                         net (fo=9, routed)           0.098    11.151    u_mul/o_data[14]_i_19_n_0
    SLICE_X105Y413       LUT5 (Prop_C6LUT_SLICEL_I4_O)
                                                      0.096    11.247 r  u_mul/o_data[14]_i_13/O
                         net (fo=15, routed)          0.149    11.396    u_mul/o_data[14]_i_13_n_0
    SLICE_X105Y414       LUT6 (Prop_G6LUT_SLICEL_I3_O)
                                                      0.035    11.431 r  u_mul/o_data[13]_i_12/O
                         net (fo=23, routed)          0.119    11.550    u_mul/o_data[13]_i_12_n_0
    SLICE_X103Y414       LUT6 (Prop_C6LUT_SLICEL_I4_O)
                                                      0.123    11.673 r  u_mul/o_data[9]_i_10/O
                         net (fo=17, routed)          0.175    11.848    u_mul/o_data[9]_i_10_n_0
    SLICE_X102Y415       LUT5 (Prop_E6LUT_SLICEM_I0_O)
                                                      0.124    11.972 r  u_mul/o_data[9]_i_15/O
                         net (fo=2, routed)           0.112    12.084    u_mul/o_data[9]_i_15_n_0
    SLICE_X102Y416       LUT6 (Prop_F6LUT_SLICEM_I4_O)
                                                      0.148    12.232 f  u_mul/o_data[8]_i_5/O
                         net (fo=2, routed)           0.094    12.326    u_mul/o_data[8]_i_5_n_0
    SLICE_X102Y416       LUT6 (Prop_C6LUT_SLICEM_I2_O)
                                                      0.088    12.414 f  u_mul/o_data[7]_i_4/O
                         net (fo=4, routed)           0.099    12.513    u_mul/o_data[7]_i_4_n_0
    SLICE_X101Y416       LUT5 (Prop_B6LUT_SLICEL_I3_O)
                                                      0.090    12.603 r  u_mul/o_data[13]_i_4/O
                         net (fo=8, routed)           0.097    12.701    u_mul/o_data[13]_i_4_n_0
    SLICE_X101Y417       LUT6 (Prop_C6LUT_SLICEL_I2_O)
                                                      0.050    12.751 r  u_mul/o_data[12]_i_3/O
                         net (fo=3, routed)           0.049    12.800    u_mul/o_data[12]_i_3_n_0
    SLICE_X101Y417       LUT6 (Prop_D6LUT_SLICEL_I5_O)
                                                      0.036    12.836 f  u_mul/o_data[11]_i_2/O
                         net (fo=3, routed)           0.110    12.945    u_mul/o_data[11]_i_2_n_0
    SLICE_X101Y417       LUT6 (Prop_A6LUT_SLICEL_I3_O)
                                                      0.149    13.094 f  u_mul/o_data[0]_i_2/O
                         net (fo=4, routed)           0.098    13.193    u_mul/o_data[0]_i_2_n_0
    SLICE_X100Y416       LUT6 (Prop_E6LUT_SLICEM_I2_O)
                                                      0.100    13.293 r  u_mul/o_data[9]_i_2/O
                         net (fo=10, routed)          0.120    13.412    u_mul/o_data[9]_i_2_n_0
    SLICE_X99Y416        LUT5 (Prop_A6LUT_SLICEM_I2_O)
                                                      0.053    13.465 r  u_mul/o_data[3]_i_1/O
                         net (fo=1, routed)           0.053    13.518    o_data0[3]
    SLICE_X99Y416        FDCE                                         r  o_data_reg[3]/D
  -------------------------------------------------------------------    -------------------

                         (clock clk rise edge)        2.000     2.000 r  
    AY11                                              0.000     2.000 r  clk (IN)
                         net (fo=0)                   0.000     2.000    clk_IBUF_inst/I
    AY11                 INBUF (Prop_INBUF_HPIOB_M_PAD_O)
                                                      0.405     2.405 r  clk_IBUF_inst/INBUF_INST/O
                         net (fo=1, routed)           0.000     2.405    clk_IBUF_inst/OUT
    AY11                 IBUFCTRL (Prop_IBUFCTRL_HPIOB_M_I_O)
                                                      0.000     2.405 r  clk_IBUF_inst/IBUFCTRL_INST/O
                         net (fo=1, routed)           0.286     2.691    clk_IBUF
    BUFGCE_X1Y192        BUFGCE (Prop_BUFCE_BUFGCE_I_O)
                                                      0.024     2.715 r  clk_IBUF_BUFG_inst/O
    X3Y7 (CLOCK_ROOT)    net (fo=4212, routed)        1.986     4.701    clk_IBUF_BUFG
    SLICE_X99Y416        FDCE                                         r  o_data_reg[3]/C
                         clock pessimism              0.430     5.132    
                         clock uncertainty           -0.035     5.096    
    SLICE_X99Y416        FDCE (Setup_AFF_SLICEM_C_D)
                                                      0.025     5.121    o_data_reg[3]
  -------------------------------------------------------------------
                         required time                          5.121    
                         arrival time                         -13.518    
  -------------------------------------------------------------------
                         slack                                 -8.397    





Min Delay Paths
--------------------------------------------------------------------------------------
Slack (MET) :             0.027ns  (arrival time - required time)
  Source:                 p1_x_reg[15]/C
                            (rising edge-triggered cell FDRE clocked by clk  {rise@0.000ns fall@1.000ns period=2.000ns})
  Destination:            o_data_reg[1]/D
                            (rising edge-triggered cell FDCE clocked by clk  {rise@0.000ns fall@1.000ns period=2.000ns})
  Path Group:             clk
  Path Type:              Hold (Min at Slow Process Corner)
  Requirement:            0.000ns  (clk rise@0.000ns - clk rise@0.000ns)
  Data Path Delay:        0.550ns  (logic 0.160ns (29.086%)  route 0.390ns (70.914%))
  Logic Levels:           4  (LUT4=1 LUT5=1 LUT6=2)
  Clock Path Skew:        0.072ns (DCD - SCD - CPR)
    Destination Clock Delay (DCD):    3.020ns
    Source Clock Delay      (SCD):    2.516ns
    Clock Pessimism Removal (CPR):    0.431ns
  Clock Net Delay (Source):      1.801ns (routing 0.874ns, distribution 0.927ns)
  Clock Net Delay (Destination): 2.012ns (routing 0.960ns, distribution 1.052ns)

    Location             Delay type                Incr(ns)  Path(ns)    Netlist Resource(s)
  -------------------------------------------------------------------    -------------------
                         (clock clk rise edge)        0.000     0.000 r  
    AY11                                              0.000     0.000 r  clk (IN)
                         net (fo=0)                   0.000     0.000    clk_IBUF_inst/I
    AY11                 INBUF (Prop_INBUF_HPIOB_M_PAD_O)
                                                      0.405     0.405 r  clk_IBUF_inst/INBUF_INST/O
                         net (fo=1, routed)           0.000     0.405    clk_IBUF_inst/OUT
    AY11                 IBUFCTRL (Prop_IBUFCTRL_HPIOB_M_I_O)
                                                      0.000     0.405 r  clk_IBUF_inst/IBUFCTRL_INST/O
                         net (fo=1, routed)           0.286     0.691    clk_IBUF
    BUFGCE_X1Y192        BUFGCE (Prop_BUFCE_BUFGCE_I_O)
                                                      0.024     0.715 r  clk_IBUF_BUFG_inst/O
    X3Y7 (CLOCK_ROOT)    net (fo=4212, routed)        1.801     2.516    clk_IBUF_BUFG
    SLICE_X104Y414       FDRE                                         r  p1_x_reg[15]/C
  -------------------------------------------------------------------    -------------------
    SLICE_X104Y414       FDRE (Prop_CFF_SLICEM_C_Q)
                                                      0.058     2.574 r  p1_x_reg[15]/Q
                         net (fo=2, routed)           0.121     2.696    u_mul/Q[15]
    SLICE_X100Y414       LUT4 (Prop_B6LUT_SLICEM_I0_O)
                                                      0.022     2.718 r  u_mul/o_data[15]_i_11/O
                         net (fo=3, routed)           0.061     2.779    u_mul/product[15]
    SLICE_X100Y414       LUT5 (Prop_G6LUT_SLICEM_I0_O)
                                                      0.022     2.801 r  u_mul/o_data[15]_i_3/O
                         net (fo=5, routed)           0.099     2.900    u_mul/o_data[15]_i_3_n_0
    SLICE_X100Y416       LUT6 (Prop_E6LUT_SLICEM_I0_O)
                                                      0.035     2.935 r  u_mul/o_data[9]_i_2/O
                         net (fo=10, routed)          0.079     3.014    u_mul/o_data[9]_i_2_n_0
    SLICE_X100Y415       LUT6 (Prop_H6LUT_SLICEM_I2_O)
                                                      0.023     3.037 r  u_mul/o_data[1]_i_1/O
                         net (fo=1, routed)           0.030     3.067    o_data0[1]
    SLICE_X100Y415       FDCE                                         r  o_data_reg[1]/D
  -------------------------------------------------------------------    -------------------

                         (clock clk rise edge)        0.000     0.000 r  
    AY11                                              0.000     0.000 r  clk (IN)
                         net (fo=0)                   0.000     0.000    clk_IBUF_inst/I
    AY11                 INBUF (Prop_INBUF_HPIOB_M_PAD_O)
                                                      0.657     0.657 r  clk_IBUF_inst/INBUF_INST/O
                         net (fo=1, routed)           0.000     0.657    clk_IBUF_inst/OUT
    AY11                 IBUFCTRL (Prop_IBUFCTRL_HPIOB_M_I_O)
                                                      0.000     0.657 r  clk_IBUF_inst/IBUFCTRL_INST/O
                         net (fo=1, routed)           0.323     0.980    clk_IBUF
    BUFGCE_X1Y192        BUFGCE (Prop_BUFCE_BUFGCE_I_O)
                                                      0.028     1.008 r  clk_IBUF_BUFG_inst/O
    X3Y7 (CLOCK_ROOT)    net (fo=4212, routed)        2.012     3.020    clk_IBUF_BUFG
    SLICE_X100Y415       FDCE                                         r  o_data_reg[1]/C
                         clock pessimism             -0.431     2.588    
    SLICE_X100Y415       FDCE (Hold_HFF_SLICEM_C_D)
                                                      0.451     3.039    o_data_reg[1]
  -------------------------------------------------------------------
                         required time                         -3.039    
                         arrival time                           3.067    
  -------------------------------------------------------------------
                         slack                                  0.027    





Pulse Width Checks
--------------------------------------------------------------------------------------
Clock Name:         clk
Waveform(ns):       { 0.000 1.000 }
Period(ns):         2.000
Sources:            { clk }

Check Type        Corner  Lib Pin             Reference Pin  Required(ns)  Actual(ns)  Slack(ns)  Location       Pin
Min Period        n/a     RAMB18E2/CLKBWRCLK  n/a            1.569         2.000       0.431      RAMB18_X7Y164  intercept_reg_reg_bram_0/CLKBWRCLK
Low Pulse Width   Slow    RAMB18E2/CLKARDCLK  n/a            0.542         1.000       0.458      RAMB18_X7Y164  intercept_reg_reg_bram_0/CLKARDCLK
High Pulse Width  Slow    RAMB18E2/CLKARDCLK  n/a            0.542         1.000       0.458      RAMB18_X7Y164  intercept_reg_reg_bram_0/CLKARDCLK



