Device: cuda

======================================================================
BF16 Preliminary: Knapsack Allocation under BF16 Bin Structure
mantissa=7 bits, K_max=5 (T_min=2)
======================================================================

    Function | FP16 bins | BF16 bins | min W
---------------------------------------------
        silu |        51 |       275 |   275
        gelu |        49 |       273 |   273
         exp |        39 |       263 |   263
     sigmoid |        39 |       263 |   263
        tanh |        36 |       260 |   260
   hardswish |        49 |       273 |   273
        mish |        51 |       275 |   275
       rsqrt |        31 |        36 |    36
  reciprocal |        31 |        32 |    32

    Function |     W | #Bins |  K range |  K>0 |  Used |     DP Err |  Time
----------------------------------------------------------------------
        silu |   512 |   275 |  0--5     |   21 |   512 |     0.1302 |  0.5s
        silu |  1024 |   275 |  0--5     |   26 |   531 |     0.1302 |  0.3s

        gelu |   512 |   273 |  0--5     |   22 |   487 |     0.1284 |  0.3s
        gelu |  1024 |   273 |  0--5     |   22 |   487 |     0.1284 |  0.2s

         exp |   512 |   263 |  0--5     |   34 |   511 |     0.0684 |  0.3s
         exp |  1024 |   263 |  0--5     |   39 |   820 |     0.0684 |  0.2s

     sigmoid |   512 |   263 |  0--5     |   21 |   512 |     0.0290 |  0.2s
     sigmoid |  1024 |   263 |  0--5     |   35 |   912 |     0.0290 |  0.2s

        tanh |   512 |   260 |  0--5     |   24 |   512 |     0.0786 |  0.2s
        tanh |  1024 |   260 |  0--5     |   28 |   764 |     0.0783 |  0.2s

   hardswish |   512 |   273 |  0--5     |   19 |   508 |     0.1292 |  0.3s
   hardswish |  1024 |   273 |  0--5     |   19 |   514 |     0.1292 |  0.3s

        mish |   512 |   275 |  0--5     |   23 |   512 |     0.1307 |  0.3s
        mish |  1024 |   275 |  0--5     |   59 |   698 |     0.1307 |  0.3s

       rsqrt |   512 |    36 |  3--4     |   36 |   512 |     0.0542 |  0.0s
       rsqrt |  1024 |    36 |  4--5     |   36 |  1024 |     0.0496 |  0.0s

  reciprocal |   512 |    32 |  4--4     |   32 |   512 |     0.0916 |  0.0s
  reciprocal |  1024 |    32 |  5--5     |   32 |  1024 |     0.0854 |  0.0s

